2024-01-12 14:29:50,840 - mmdet - INFO - Environment info:
------------------------------------------------------------
sys.platform: linux
Python: 3.6.9 | packaged by conda-forge | (default, Mar  6 2020, 19:24:21) [GCC 7.3.0]
CUDA available: True
GPU 0: NVIDIA GeForce RTX 3060
CUDA_HOME: :/usr/local/cuda-11.2:/usr/local/cuda-11.2
GCC: gcc (Ubuntu 7.5.0-3ubuntu1~18.04) 7.5.0
PyTorch: 1.8.0+cu111
PyTorch compiling details: PyTorch built with:
  - GCC 7.3
  - C++ Version: 201402
  - Intel(R) Math Kernel Library Version 2020.0.0 Product Build 20191122 for Intel(R) 64 architecture applications
  - Intel(R) MKL-DNN v1.7.0 (Git Hash 7aed236906b1f7a05c0917e5257a1af05e9ff683)
  - OpenMP 201511 (a.k.a. OpenMP 4.5)
  - NNPACK is enabled
  - CPU capability usage: AVX2
  - CUDA Runtime 11.1
  - NVCC architecture flags: -gencode;arch=compute_37,code=sm_37;-gencode;arch=compute_50,code=sm_50;-gencode;arch=compute_60,code=sm_60;-gencode;arch=compute_70,code=sm_70;-gencode;arch=compute_75,code=sm_75;-gencode;arch=compute_80,code=sm_80;-gencode;arch=compute_86,code=sm_86
  - CuDNN 8.0.5
  - Magma 2.5.2
  - Build settings: BLAS_INFO=mkl, BUILD_TYPE=Release, CUDA_VERSION=11.1, CUDNN_VERSION=8.0.5, CXX_COMPILER=/opt/rh/devtoolset-7/root/usr/bin/c++, CXX_FLAGS= -Wno-deprecated -fvisibility-inlines-hidden -DUSE_PTHREADPOOL -fopenmp -DNDEBUG -DUSE_KINETO -DUSE_FBGEMM -DUSE_QNNPACK -DUSE_PYTORCH_QNNPACK -DUSE_XNNPACK -O2 -fPIC -Wno-narrowing -Wall -Wextra -Werror=return-type -Wno-missing-field-initializers -Wno-type-limits -Wno-array-bounds -Wno-unknown-pragmas -Wno-sign-compare -Wno-unused-parameter -Wno-unused-variable -Wno-unused-function -Wno-unused-result -Wno-unused-local-typedefs -Wno-strict-overflow -Wno-strict-aliasing -Wno-error=deprecated-declarations -Wno-stringop-overflow -Wno-psabi -Wno-error=pedantic -Wno-error=redundant-decls -Wno-error=old-style-cast -fdiagnostics-color=always -faligned-new -Wno-unused-but-set-variable -Wno-maybe-uninitialized -fno-math-errno -fno-trapping-math -Werror=format -Wno-stringop-overflow, LAPACK_INFO=mkl, PERF_WITH_AVX=1, PERF_WITH_AVX2=1, PERF_WITH_AVX512=1, TORCH_VERSION=1.8.0, USE_CUDA=ON, USE_CUDNN=ON, USE_EXCEPTION_PTR=1, USE_GFLAGS=OFF, USE_GLOG=OFF, USE_MKL=ON, USE_MKLDNN=ON, USE_MPI=OFF, USE_NCCL=ON, USE_NNPACK=ON, USE_OPENMP=ON, 

TorchVision: 0.9.0+cu111
OpenCV: 4.1.2
MMCV: 1.4.0
MMCV Compiler: GCC 7.3
MMCV CUDA Compiler: 11.1
MMDetection: 2.15.1+
------------------------------------------------------------

2024-01-12 14:29:51,303 - mmdet - INFO - Distributed training: False
2024-01-12 14:29:51,822 - mmdet - INFO - Config:
checkpoint_config = dict(interval=1)
log_config = dict(interval=50, hooks=[dict(type='TextLoggerHook')])
custom_hooks = [dict(type='NumClassCheckHook')]
dist_params = dict(backend='nccl')
log_level = 'INFO'
load_from = 'https://download.openmmlab.com/mmdetection/v2.0/yolo/yolov3_d53_mstrain-608_273e_coco/yolov3_d53_mstrain-608_273e_coco_20210518_115020-a2c3acb8.pth'
resume_from = None
workflow = [('train', 1)]
dataset_type = 'ExdarkDataset'
data_root = '/mnt/sda1/Exdark/Exdark/'
img_norm_cfg = dict(mean=[0, 0, 0], std=[255.0, 255.0, 255.0], to_rgb=True)
train_pipeline = [
    dict(type='LoadImageFromFile', to_float32=True),
    dict(type='LoadAnnotations', with_bbox=True),
    dict(type='Expand', mean=[0, 0, 0], to_rgb=True, ratio_range=(1, 2)),
    dict(
        type='MinIoURandomCrop',
        min_ious=(0.4, 0.5, 0.6, 0.7, 0.8, 0.9),
        min_crop_size=0.3),
    dict(type='Resize', img_scale=[(320, 320), (608, 608)], keep_ratio=True),
    dict(type='RandomFlip', flip_ratio=0.5),
    dict(
        type='Normalize',
        mean=[0, 0, 0],
        std=[255.0, 255.0, 255.0],
        to_rgb=True),
    dict(type='Pad', size_divisor=32),
    dict(type='DefaultFormatBundle'),
    dict(type='Collect', keys=['img', 'gt_bboxes', 'gt_labels'])
]
test_pipeline = [
    dict(type='LoadImageFromFile'),
    dict(
        type='MultiScaleFlipAug',
        img_scale=(608, 608),
        flip=False,
        transforms=[
            dict(type='Resize', keep_ratio=True),
            dict(type='RandomFlip'),
            dict(
                type='Normalize',
                mean=[0, 0, 0],
                std=[255.0, 255.0, 255.0],
                to_rgb=True),
            dict(type='Pad', size_divisor=32),
            dict(type='ImageToTensor', keys=['img']),
            dict(type='Collect', keys=['img'])
        ])
]
data = dict(
    samples_per_gpu=8,
    workers_per_gpu=4,
    train=dict(
        type='ExdarkDataset',
        ann_file='/mnt/sda1/Exdark/Exdark/main/train.txt',
        img_prefix='/mnt/sda1/Exdark/Exdark/JPEGImages/IMGS',
        pipeline=[
            dict(type='LoadImageFromFile', to_float32=True),
            dict(type='LoadAnnotations', with_bbox=True),
            dict(
                type='Expand', mean=[0, 0, 0], to_rgb=True,
                ratio_range=(1, 2)),
            dict(
                type='MinIoURandomCrop',
                min_ious=(0.4, 0.5, 0.6, 0.7, 0.8, 0.9),
                min_crop_size=0.3),
            dict(
                type='Resize',
                img_scale=[(320, 320), (608, 608)],
                keep_ratio=True),
            dict(type='RandomFlip', flip_ratio=0.5),
            dict(
                type='Normalize',
                mean=[0, 0, 0],
                std=[255.0, 255.0, 255.0],
                to_rgb=True),
            dict(type='Pad', size_divisor=32),
            dict(type='DefaultFormatBundle'),
            dict(type='Collect', keys=['img', 'gt_bboxes', 'gt_labels'])
        ]),
    val=dict(
        type='ExdarkDataset',
        ann_file='/mnt/sda1/Exdark/Exdark/main/val.txt',
        img_prefix='/mnt/sda1/Exdark/Exdark/JPEGImages/IMGS',
        pipeline=[
            dict(type='LoadImageFromFile'),
            dict(
                type='MultiScaleFlipAug',
                img_scale=(608, 608),
                flip=False,
                transforms=[
                    dict(type='Resize', keep_ratio=True),
                    dict(type='RandomFlip'),
                    dict(
                        type='Normalize',
                        mean=[0, 0, 0],
                        std=[255.0, 255.0, 255.0],
                        to_rgb=True),
                    dict(type='Pad', size_divisor=32),
                    dict(type='ImageToTensor', keys=['img']),
                    dict(type='Collect', keys=['img'])
                ])
        ]),
    test=dict(
        type='ExdarkDataset',
        ann_file='/mnt/sda1/Exdark/Exdark/main/val.txt',
        img_prefix='/mnt/sda1/Exdark/Exdark/JPEGImages/IMGS',
        pipeline=[
            dict(type='LoadImageFromFile'),
            dict(
                type='MultiScaleFlipAug',
                img_scale=(608, 608),
                flip=False,
                transforms=[
                    dict(type='Resize', keep_ratio=True),
                    dict(type='RandomFlip'),
                    dict(
                        type='Normalize',
                        mean=[0, 0, 0],
                        std=[255.0, 255.0, 255.0],
                        to_rgb=True),
                    dict(type='Pad', size_divisor=32),
                    dict(type='ImageToTensor', keys=['img']),
                    dict(type='Collect', keys=['img'])
                ])
        ]))
model = dict(
    type='AOD_YOLOV3',
    pre_encoder=dict(type='AODnet'),
    backbone=dict(
        type='Darknet',
        depth=53,
        out_indices=(3, 4, 5),
        init_cfg=dict(type='Pretrained', checkpoint='open-mmlab://darknet53')),
    neck=dict(
        type='YOLOV3Neck',
        num_scales=3,
        in_channels=[1024, 512, 256],
        out_channels=[512, 256, 128]),
    bbox_head=dict(
        type='YOLOV3Head',
        num_classes=12,
        in_channels=[512, 256, 128],
        out_channels=[1024, 512, 256],
        anchor_generator=dict(
            type='YOLOAnchorGenerator',
            base_sizes=[[(116, 90), (156, 198), (373, 326)],
                        [(30, 61), (62, 45), (59, 119)],
                        [(10, 13), (16, 30), (33, 23)]],
            strides=[32, 16, 8]),
        bbox_coder=dict(type='YOLOBBoxCoder'),
        featmap_strides=[32, 16, 8],
        loss_cls=dict(
            type='CrossEntropyLoss',
            use_sigmoid=True,
            loss_weight=1.0,
            reduction='sum'),
        loss_conf=dict(
            type='CrossEntropyLoss',
            use_sigmoid=True,
            loss_weight=1.0,
            reduction='sum'),
        loss_xy=dict(
            type='CrossEntropyLoss',
            use_sigmoid=True,
            loss_weight=2.0,
            reduction='sum'),
        loss_wh=dict(type='MSELoss', loss_weight=2.0, reduction='sum')),
    train_cfg=dict(
        assigner=dict(
            type='GridAssigner',
            pos_iou_thr=0.5,
            neg_iou_thr=0.5,
            min_pos_iou=0)),
    test_cfg=dict(
        nms_pre=1000,
        min_bbox_size=0,
        score_thr=0.05,
        conf_thr=0.005,
        nms=dict(type='nms', iou_threshold=0.45),
        max_per_img=100))
optimizer = dict(type='SGD', lr=0.001, momentum=0.9, weight_decay=0.0005)
optimizer_config = dict(grad_clip=dict(max_norm=35, norm_type=2))
lr_config = dict(
    policy='step',
    warmup='linear',
    warmup_iters=2000,
    warmup_ratio=0.1,
    step=[18, 23])
total_epochs = 25
evaluation = dict(interval=1, metric=['mAP'])
work_dir = 'yoloV3_AOD_new'
gpu_ids = [0]

2024-01-12 14:29:52,298 - mmdet - INFO - initialize Darknet with init_cfg {'type': 'Pretrained', 'checkpoint': 'open-mmlab://darknet53'}
Name of parameter - Initialization information

backbone.conv1.conv.weight - torch.Size([32, 3, 3, 3]): 
PretrainedInit: load from open-mmlab://darknet53 

backbone.conv1.bn.weight - torch.Size([32]): 
PretrainedInit: load from open-mmlab://darknet53 

backbone.conv1.bn.bias - torch.Size([32]): 
PretrainedInit: load from open-mmlab://darknet53 

backbone.conv_res_block1.conv.conv.weight - torch.Size([64, 32, 3, 3]): 
PretrainedInit: load from open-mmlab://darknet53 

backbone.conv_res_block1.conv.bn.weight - torch.Size([64]): 
PretrainedInit: load from open-mmlab://darknet53 

backbone.conv_res_block1.conv.bn.bias - torch.Size([64]): 
PretrainedInit: load from open-mmlab://darknet53 

backbone.conv_res_block1.res0.conv1.conv.weight - torch.Size([32, 64, 1, 1]): 
PretrainedInit: load from open-mmlab://darknet53 

backbone.conv_res_block1.res0.conv1.bn.weight - torch.Size([32]): 
PretrainedInit: load from open-mmlab://darknet53 

backbone.conv_res_block1.res0.conv1.bn.bias - torch.Size([32]): 
PretrainedInit: load from open-mmlab://darknet53 

backbone.conv_res_block1.res0.conv2.conv.weight - torch.Size([64, 32, 3, 3]): 
PretrainedInit: load from open-mmlab://darknet53 

backbone.conv_res_block1.res0.conv2.bn.weight - torch.Size([64]): 
PretrainedInit: load from open-mmlab://darknet53 

backbone.conv_res_block1.res0.conv2.bn.bias - torch.Size([64]): 
PretrainedInit: load from open-mmlab://darknet53 

backbone.conv_res_block2.conv.conv.weight - torch.Size([128, 64, 3, 3]): 
PretrainedInit: load from open-mmlab://darknet53 

backbone.conv_res_block2.conv.bn.weight - torch.Size([128]): 
PretrainedInit: load from open-mmlab://darknet53 

backbone.conv_res_block2.conv.bn.bias - torch.Size([128]): 
PretrainedInit: load from open-mmlab://darknet53 

backbone.conv_res_block2.res0.conv1.conv.weight - torch.Size([64, 128, 1, 1]): 
PretrainedInit: load from open-mmlab://darknet53 

backbone.conv_res_block2.res0.conv1.bn.weight - torch.Size([64]): 
PretrainedInit: load from open-mmlab://darknet53 

backbone.conv_res_block2.res0.conv1.bn.bias - torch.Size([64]): 
PretrainedInit: load from open-mmlab://darknet53 

backbone.conv_res_block2.res0.conv2.conv.weight - torch.Size([128, 64, 3, 3]): 
PretrainedInit: load from open-mmlab://darknet53 

backbone.conv_res_block2.res0.conv2.bn.weight - torch.Size([128]): 
PretrainedInit: load from open-mmlab://darknet53 

backbone.conv_res_block2.res0.conv2.bn.bias - torch.Size([128]): 
PretrainedInit: load from open-mmlab://darknet53 

backbone.conv_res_block2.res1.conv1.conv.weight - torch.Size([64, 128, 1, 1]): 
PretrainedInit: load from open-mmlab://darknet53 

backbone.conv_res_block2.res1.conv1.bn.weight - torch.Size([64]): 
PretrainedInit: load from open-mmlab://darknet53 

backbone.conv_res_block2.res1.conv1.bn.bias - torch.Size([64]): 
PretrainedInit: load from open-mmlab://darknet53 

backbone.conv_res_block2.res1.conv2.conv.weight - torch.Size([128, 64, 3, 3]): 
PretrainedInit: load from open-mmlab://darknet53 

backbone.conv_res_block2.res1.conv2.bn.weight - torch.Size([128]): 
PretrainedInit: load from open-mmlab://darknet53 

backbone.conv_res_block2.res1.conv2.bn.bias - torch.Size([128]): 
PretrainedInit: load from open-mmlab://darknet53 

backbone.conv_res_block3.conv.conv.weight - torch.Size([256, 128, 3, 3]): 
PretrainedInit: load from open-mmlab://darknet53 

backbone.conv_res_block3.conv.bn.weight - torch.Size([256]): 
PretrainedInit: load from open-mmlab://darknet53 

backbone.conv_res_block3.conv.bn.bias - torch.Size([256]): 
PretrainedInit: load from open-mmlab://darknet53 

backbone.conv_res_block3.res0.conv1.conv.weight - torch.Size([128, 256, 1, 1]): 
PretrainedInit: load from open-mmlab://darknet53 

backbone.conv_res_block3.res0.conv1.bn.weight - torch.Size([128]): 
PretrainedInit: load from open-mmlab://darknet53 

backbone.conv_res_block3.res0.conv1.bn.bias - torch.Size([128]): 
PretrainedInit: load from open-mmlab://darknet53 

backbone.conv_res_block3.res0.conv2.conv.weight - torch.Size([256, 128, 3, 3]): 
PretrainedInit: load from open-mmlab://darknet53 

backbone.conv_res_block3.res0.conv2.bn.weight - torch.Size([256]): 
PretrainedInit: load from open-mmlab://darknet53 

backbone.conv_res_block3.res0.conv2.bn.bias - torch.Size([256]): 
PretrainedInit: load from open-mmlab://darknet53 

backbone.conv_res_block3.res1.conv1.conv.weight - torch.Size([128, 256, 1, 1]): 
PretrainedInit: load from open-mmlab://darknet53 

backbone.conv_res_block3.res1.conv1.bn.weight - torch.Size([128]): 
PretrainedInit: load from open-mmlab://darknet53 

backbone.conv_res_block3.res1.conv1.bn.bias - torch.Size([128]): 
PretrainedInit: load from open-mmlab://darknet53 

backbone.conv_res_block3.res1.conv2.conv.weight - torch.Size([256, 128, 3, 3]): 
PretrainedInit: load from open-mmlab://darknet53 

backbone.conv_res_block3.res1.conv2.bn.weight - torch.Size([256]): 
PretrainedInit: load from open-mmlab://darknet53 

backbone.conv_res_block3.res1.conv2.bn.bias - torch.Size([256]): 
PretrainedInit: load from open-mmlab://darknet53 

backbone.conv_res_block3.res2.conv1.conv.weight - torch.Size([128, 256, 1, 1]): 
PretrainedInit: load from open-mmlab://darknet53 

backbone.conv_res_block3.res2.conv1.bn.weight - torch.Size([128]): 
PretrainedInit: load from open-mmlab://darknet53 

backbone.conv_res_block3.res2.conv1.bn.bias - torch.Size([128]): 
PretrainedInit: load from open-mmlab://darknet53 

backbone.conv_res_block3.res2.conv2.conv.weight - torch.Size([256, 128, 3, 3]): 
PretrainedInit: load from open-mmlab://darknet53 

backbone.conv_res_block3.res2.conv2.bn.weight - torch.Size([256]): 
PretrainedInit: load from open-mmlab://darknet53 

backbone.conv_res_block3.res2.conv2.bn.bias - torch.Size([256]): 
PretrainedInit: load from open-mmlab://darknet53 

backbone.conv_res_block3.res3.conv1.conv.weight - torch.Size([128, 256, 1, 1]): 
PretrainedInit: load from open-mmlab://darknet53 

backbone.conv_res_block3.res3.conv1.bn.weight - torch.Size([128]): 
PretrainedInit: load from open-mmlab://darknet53 

backbone.conv_res_block3.res3.conv1.bn.bias - torch.Size([128]): 
PretrainedInit: load from open-mmlab://darknet53 

backbone.conv_res_block3.res3.conv2.conv.weight - torch.Size([256, 128, 3, 3]): 
PretrainedInit: load from open-mmlab://darknet53 

backbone.conv_res_block3.res3.conv2.bn.weight - torch.Size([256]): 
PretrainedInit: load from open-mmlab://darknet53 

backbone.conv_res_block3.res3.conv2.bn.bias - torch.Size([256]): 
PretrainedInit: load from open-mmlab://darknet53 

backbone.conv_res_block3.res4.conv1.conv.weight - torch.Size([128, 256, 1, 1]): 
PretrainedInit: load from open-mmlab://darknet53 

backbone.conv_res_block3.res4.conv1.bn.weight - torch.Size([128]): 
PretrainedInit: load from open-mmlab://darknet53 

backbone.conv_res_block3.res4.conv1.bn.bias - torch.Size([128]): 
PretrainedInit: load from open-mmlab://darknet53 

backbone.conv_res_block3.res4.conv2.conv.weight - torch.Size([256, 128, 3, 3]): 
PretrainedInit: load from open-mmlab://darknet53 

backbone.conv_res_block3.res4.conv2.bn.weight - torch.Size([256]): 
PretrainedInit: load from open-mmlab://darknet53 

backbone.conv_res_block3.res4.conv2.bn.bias - torch.Size([256]): 
PretrainedInit: load from open-mmlab://darknet53 

backbone.conv_res_block3.res5.conv1.conv.weight - torch.Size([128, 256, 1, 1]): 
PretrainedInit: load from open-mmlab://darknet53 

backbone.conv_res_block3.res5.conv1.bn.weight - torch.Size([128]): 
PretrainedInit: load from open-mmlab://darknet53 

backbone.conv_res_block3.res5.conv1.bn.bias - torch.Size([128]): 
PretrainedInit: load from open-mmlab://darknet53 

backbone.conv_res_block3.res5.conv2.conv.weight - torch.Size([256, 128, 3, 3]): 
PretrainedInit: load from open-mmlab://darknet53 

backbone.conv_res_block3.res5.conv2.bn.weight - torch.Size([256]): 
PretrainedInit: load from open-mmlab://darknet53 

backbone.conv_res_block3.res5.conv2.bn.bias - torch.Size([256]): 
PretrainedInit: load from open-mmlab://darknet53 

backbone.conv_res_block3.res6.conv1.conv.weight - torch.Size([128, 256, 1, 1]): 
PretrainedInit: load from open-mmlab://darknet53 

backbone.conv_res_block3.res6.conv1.bn.weight - torch.Size([128]): 
PretrainedInit: load from open-mmlab://darknet53 

backbone.conv_res_block3.res6.conv1.bn.bias - torch.Size([128]): 
PretrainedInit: load from open-mmlab://darknet53 

backbone.conv_res_block3.res6.conv2.conv.weight - torch.Size([256, 128, 3, 3]): 
PretrainedInit: load from open-mmlab://darknet53 

backbone.conv_res_block3.res6.conv2.bn.weight - torch.Size([256]): 
PretrainedInit: load from open-mmlab://darknet53 

backbone.conv_res_block3.res6.conv2.bn.bias - torch.Size([256]): 
PretrainedInit: load from open-mmlab://darknet53 

backbone.conv_res_block3.res7.conv1.conv.weight - torch.Size([128, 256, 1, 1]): 
PretrainedInit: load from open-mmlab://darknet53 

backbone.conv_res_block3.res7.conv1.bn.weight - torch.Size([128]): 
PretrainedInit: load from open-mmlab://darknet53 

backbone.conv_res_block3.res7.conv1.bn.bias - torch.Size([128]): 
PretrainedInit: load from open-mmlab://darknet53 

backbone.conv_res_block3.res7.conv2.conv.weight - torch.Size([256, 128, 3, 3]): 
PretrainedInit: load from open-mmlab://darknet53 

backbone.conv_res_block3.res7.conv2.bn.weight - torch.Size([256]): 
PretrainedInit: load from open-mmlab://darknet53 

backbone.conv_res_block3.res7.conv2.bn.bias - torch.Size([256]): 
PretrainedInit: load from open-mmlab://darknet53 

backbone.conv_res_block4.conv.conv.weight - torch.Size([512, 256, 3, 3]): 
PretrainedInit: load from open-mmlab://darknet53 

backbone.conv_res_block4.conv.bn.weight - torch.Size([512]): 
PretrainedInit: load from open-mmlab://darknet53 

backbone.conv_res_block4.conv.bn.bias - torch.Size([512]): 
PretrainedInit: load from open-mmlab://darknet53 

backbone.conv_res_block4.res0.conv1.conv.weight - torch.Size([256, 512, 1, 1]): 
PretrainedInit: load from open-mmlab://darknet53 

backbone.conv_res_block4.res0.conv1.bn.weight - torch.Size([256]): 
PretrainedInit: load from open-mmlab://darknet53 

backbone.conv_res_block4.res0.conv1.bn.bias - torch.Size([256]): 
PretrainedInit: load from open-mmlab://darknet53 

backbone.conv_res_block4.res0.conv2.conv.weight - torch.Size([512, 256, 3, 3]): 
PretrainedInit: load from open-mmlab://darknet53 

backbone.conv_res_block4.res0.conv2.bn.weight - torch.Size([512]): 
PretrainedInit: load from open-mmlab://darknet53 

backbone.conv_res_block4.res0.conv2.bn.bias - torch.Size([512]): 
PretrainedInit: load from open-mmlab://darknet53 

backbone.conv_res_block4.res1.conv1.conv.weight - torch.Size([256, 512, 1, 1]): 
PretrainedInit: load from open-mmlab://darknet53 

backbone.conv_res_block4.res1.conv1.bn.weight - torch.Size([256]): 
PretrainedInit: load from open-mmlab://darknet53 

backbone.conv_res_block4.res1.conv1.bn.bias - torch.Size([256]): 
PretrainedInit: load from open-mmlab://darknet53 

backbone.conv_res_block4.res1.conv2.conv.weight - torch.Size([512, 256, 3, 3]): 
PretrainedInit: load from open-mmlab://darknet53 

backbone.conv_res_block4.res1.conv2.bn.weight - torch.Size([512]): 
PretrainedInit: load from open-mmlab://darknet53 

backbone.conv_res_block4.res1.conv2.bn.bias - torch.Size([512]): 
PretrainedInit: load from open-mmlab://darknet53 

backbone.conv_res_block4.res2.conv1.conv.weight - torch.Size([256, 512, 1, 1]): 
PretrainedInit: load from open-mmlab://darknet53 

backbone.conv_res_block4.res2.conv1.bn.weight - torch.Size([256]): 
PretrainedInit: load from open-mmlab://darknet53 

backbone.conv_res_block4.res2.conv1.bn.bias - torch.Size([256]): 
PretrainedInit: load from open-mmlab://darknet53 

backbone.conv_res_block4.res2.conv2.conv.weight - torch.Size([512, 256, 3, 3]): 
PretrainedInit: load from open-mmlab://darknet53 

backbone.conv_res_block4.res2.conv2.bn.weight - torch.Size([512]): 
PretrainedInit: load from open-mmlab://darknet53 

backbone.conv_res_block4.res2.conv2.bn.bias - torch.Size([512]): 
PretrainedInit: load from open-mmlab://darknet53 

backbone.conv_res_block4.res3.conv1.conv.weight - torch.Size([256, 512, 1, 1]): 
PretrainedInit: load from open-mmlab://darknet53 

backbone.conv_res_block4.res3.conv1.bn.weight - torch.Size([256]): 
PretrainedInit: load from open-mmlab://darknet53 

backbone.conv_res_block4.res3.conv1.bn.bias - torch.Size([256]): 
PretrainedInit: load from open-mmlab://darknet53 

backbone.conv_res_block4.res3.conv2.conv.weight - torch.Size([512, 256, 3, 3]): 
PretrainedInit: load from open-mmlab://darknet53 

backbone.conv_res_block4.res3.conv2.bn.weight - torch.Size([512]): 
PretrainedInit: load from open-mmlab://darknet53 

backbone.conv_res_block4.res3.conv2.bn.bias - torch.Size([512]): 
PretrainedInit: load from open-mmlab://darknet53 

backbone.conv_res_block4.res4.conv1.conv.weight - torch.Size([256, 512, 1, 1]): 
PretrainedInit: load from open-mmlab://darknet53 

backbone.conv_res_block4.res4.conv1.bn.weight - torch.Size([256]): 
PretrainedInit: load from open-mmlab://darknet53 

backbone.conv_res_block4.res4.conv1.bn.bias - torch.Size([256]): 
PretrainedInit: load from open-mmlab://darknet53 

backbone.conv_res_block4.res4.conv2.conv.weight - torch.Size([512, 256, 3, 3]): 
PretrainedInit: load from open-mmlab://darknet53 

backbone.conv_res_block4.res4.conv2.bn.weight - torch.Size([512]): 
PretrainedInit: load from open-mmlab://darknet53 

backbone.conv_res_block4.res4.conv2.bn.bias - torch.Size([512]): 
PretrainedInit: load from open-mmlab://darknet53 

backbone.conv_res_block4.res5.conv1.conv.weight - torch.Size([256, 512, 1, 1]): 
PretrainedInit: load from open-mmlab://darknet53 

backbone.conv_res_block4.res5.conv1.bn.weight - torch.Size([256]): 
PretrainedInit: load from open-mmlab://darknet53 

backbone.conv_res_block4.res5.conv1.bn.bias - torch.Size([256]): 
PretrainedInit: load from open-mmlab://darknet53 

backbone.conv_res_block4.res5.conv2.conv.weight - torch.Size([512, 256, 3, 3]): 
PretrainedInit: load from open-mmlab://darknet53 

backbone.conv_res_block4.res5.conv2.bn.weight - torch.Size([512]): 
PretrainedInit: load from open-mmlab://darknet53 

backbone.conv_res_block4.res5.conv2.bn.bias - torch.Size([512]): 
PretrainedInit: load from open-mmlab://darknet53 

backbone.conv_res_block4.res6.conv1.conv.weight - torch.Size([256, 512, 1, 1]): 
PretrainedInit: load from open-mmlab://darknet53 

backbone.conv_res_block4.res6.conv1.bn.weight - torch.Size([256]): 
PretrainedInit: load from open-mmlab://darknet53 

backbone.conv_res_block4.res6.conv1.bn.bias - torch.Size([256]): 
PretrainedInit: load from open-mmlab://darknet53 

backbone.conv_res_block4.res6.conv2.conv.weight - torch.Size([512, 256, 3, 3]): 
PretrainedInit: load from open-mmlab://darknet53 

backbone.conv_res_block4.res6.conv2.bn.weight - torch.Size([512]): 
PretrainedInit: load from open-mmlab://darknet53 

backbone.conv_res_block4.res6.conv2.bn.bias - torch.Size([512]): 
PretrainedInit: load from open-mmlab://darknet53 

backbone.conv_res_block4.res7.conv1.conv.weight - torch.Size([256, 512, 1, 1]): 
PretrainedInit: load from open-mmlab://darknet53 

backbone.conv_res_block4.res7.conv1.bn.weight - torch.Size([256]): 
PretrainedInit: load from open-mmlab://darknet53 

backbone.conv_res_block4.res7.conv1.bn.bias - torch.Size([256]): 
PretrainedInit: load from open-mmlab://darknet53 

backbone.conv_res_block4.res7.conv2.conv.weight - torch.Size([512, 256, 3, 3]): 
PretrainedInit: load from open-mmlab://darknet53 

backbone.conv_res_block4.res7.conv2.bn.weight - torch.Size([512]): 
PretrainedInit: load from open-mmlab://darknet53 

backbone.conv_res_block4.res7.conv2.bn.bias - torch.Size([512]): 
PretrainedInit: load from open-mmlab://darknet53 

backbone.conv_res_block5.conv.conv.weight - torch.Size([1024, 512, 3, 3]): 
PretrainedInit: load from open-mmlab://darknet53 

backbone.conv_res_block5.conv.bn.weight - torch.Size([1024]): 
PretrainedInit: load from open-mmlab://darknet53 

backbone.conv_res_block5.conv.bn.bias - torch.Size([1024]): 
PretrainedInit: load from open-mmlab://darknet53 

backbone.conv_res_block5.res0.conv1.conv.weight - torch.Size([512, 1024, 1, 1]): 
PretrainedInit: load from open-mmlab://darknet53 

backbone.conv_res_block5.res0.conv1.bn.weight - torch.Size([512]): 
PretrainedInit: load from open-mmlab://darknet53 

backbone.conv_res_block5.res0.conv1.bn.bias - torch.Size([512]): 
PretrainedInit: load from open-mmlab://darknet53 

backbone.conv_res_block5.res0.conv2.conv.weight - torch.Size([1024, 512, 3, 3]): 
PretrainedInit: load from open-mmlab://darknet53 

backbone.conv_res_block5.res0.conv2.bn.weight - torch.Size([1024]): 
PretrainedInit: load from open-mmlab://darknet53 

backbone.conv_res_block5.res0.conv2.bn.bias - torch.Size([1024]): 
PretrainedInit: load from open-mmlab://darknet53 

backbone.conv_res_block5.res1.conv1.conv.weight - torch.Size([512, 1024, 1, 1]): 
PretrainedInit: load from open-mmlab://darknet53 

backbone.conv_res_block5.res1.conv1.bn.weight - torch.Size([512]): 
PretrainedInit: load from open-mmlab://darknet53 

backbone.conv_res_block5.res1.conv1.bn.bias - torch.Size([512]): 
PretrainedInit: load from open-mmlab://darknet53 

backbone.conv_res_block5.res1.conv2.conv.weight - torch.Size([1024, 512, 3, 3]): 
PretrainedInit: load from open-mmlab://darknet53 

backbone.conv_res_block5.res1.conv2.bn.weight - torch.Size([1024]): 
PretrainedInit: load from open-mmlab://darknet53 

backbone.conv_res_block5.res1.conv2.bn.bias - torch.Size([1024]): 
PretrainedInit: load from open-mmlab://darknet53 

backbone.conv_res_block5.res2.conv1.conv.weight - torch.Size([512, 1024, 1, 1]): 
PretrainedInit: load from open-mmlab://darknet53 

backbone.conv_res_block5.res2.conv1.bn.weight - torch.Size([512]): 
PretrainedInit: load from open-mmlab://darknet53 

backbone.conv_res_block5.res2.conv1.bn.bias - torch.Size([512]): 
PretrainedInit: load from open-mmlab://darknet53 

backbone.conv_res_block5.res2.conv2.conv.weight - torch.Size([1024, 512, 3, 3]): 
PretrainedInit: load from open-mmlab://darknet53 

backbone.conv_res_block5.res2.conv2.bn.weight - torch.Size([1024]): 
PretrainedInit: load from open-mmlab://darknet53 

backbone.conv_res_block5.res2.conv2.bn.bias - torch.Size([1024]): 
PretrainedInit: load from open-mmlab://darknet53 

backbone.conv_res_block5.res3.conv1.conv.weight - torch.Size([512, 1024, 1, 1]): 
PretrainedInit: load from open-mmlab://darknet53 

backbone.conv_res_block5.res3.conv1.bn.weight - torch.Size([512]): 
PretrainedInit: load from open-mmlab://darknet53 

backbone.conv_res_block5.res3.conv1.bn.bias - torch.Size([512]): 
PretrainedInit: load from open-mmlab://darknet53 

backbone.conv_res_block5.res3.conv2.conv.weight - torch.Size([1024, 512, 3, 3]): 
PretrainedInit: load from open-mmlab://darknet53 

backbone.conv_res_block5.res3.conv2.bn.weight - torch.Size([1024]): 
PretrainedInit: load from open-mmlab://darknet53 

backbone.conv_res_block5.res3.conv2.bn.bias - torch.Size([1024]): 
PretrainedInit: load from open-mmlab://darknet53 

neck.detect1.conv1.conv.weight - torch.Size([512, 1024, 1, 1]): 
Initialized by user-defined `init_weights` in ConvModule  

neck.detect1.conv1.bn.weight - torch.Size([512]): 
The value is the same before and after calling `init_weights` of AOD_YOLOV3  

neck.detect1.conv1.bn.bias - torch.Size([512]): 
The value is the same before and after calling `init_weights` of AOD_YOLOV3  

neck.detect1.conv2.conv.weight - torch.Size([1024, 512, 3, 3]): 
Initialized by user-defined `init_weights` in ConvModule  

neck.detect1.conv2.bn.weight - torch.Size([1024]): 
The value is the same before and after calling `init_weights` of AOD_YOLOV3  

neck.detect1.conv2.bn.bias - torch.Size([1024]): 
The value is the same before and after calling `init_weights` of AOD_YOLOV3  

neck.detect1.conv3.conv.weight - torch.Size([512, 1024, 1, 1]): 
Initialized by user-defined `init_weights` in ConvModule  

neck.detect1.conv3.bn.weight - torch.Size([512]): 
The value is the same before and after calling `init_weights` of AOD_YOLOV3  

neck.detect1.conv3.bn.bias - torch.Size([512]): 
The value is the same before and after calling `init_weights` of AOD_YOLOV3  

neck.detect1.conv4.conv.weight - torch.Size([1024, 512, 3, 3]): 
Initialized by user-defined `init_weights` in ConvModule  

neck.detect1.conv4.bn.weight - torch.Size([1024]): 
The value is the same before and after calling `init_weights` of AOD_YOLOV3  

neck.detect1.conv4.bn.bias - torch.Size([1024]): 
The value is the same before and after calling `init_weights` of AOD_YOLOV3  

neck.detect1.conv5.conv.weight - torch.Size([512, 1024, 1, 1]): 
Initialized by user-defined `init_weights` in ConvModule  

neck.detect1.conv5.bn.weight - torch.Size([512]): 
The value is the same before and after calling `init_weights` of AOD_YOLOV3  

neck.detect1.conv5.bn.bias - torch.Size([512]): 
The value is the same before and after calling `init_weights` of AOD_YOLOV3  

neck.conv1.conv.weight - torch.Size([256, 512, 1, 1]): 
Initialized by user-defined `init_weights` in ConvModule  

neck.conv1.bn.weight - torch.Size([256]): 
The value is the same before and after calling `init_weights` of AOD_YOLOV3  

neck.conv1.bn.bias - torch.Size([256]): 
The value is the same before and after calling `init_weights` of AOD_YOLOV3  

neck.detect2.conv1.conv.weight - torch.Size([256, 768, 1, 1]): 
Initialized by user-defined `init_weights` in ConvModule  

neck.detect2.conv1.bn.weight - torch.Size([256]): 
The value is the same before and after calling `init_weights` of AOD_YOLOV3  

neck.detect2.conv1.bn.bias - torch.Size([256]): 
The value is the same before and after calling `init_weights` of AOD_YOLOV3  

neck.detect2.conv2.conv.weight - torch.Size([512, 256, 3, 3]): 
Initialized by user-defined `init_weights` in ConvModule  

neck.detect2.conv2.bn.weight - torch.Size([512]): 
The value is the same before and after calling `init_weights` of AOD_YOLOV3  

neck.detect2.conv2.bn.bias - torch.Size([512]): 
The value is the same before and after calling `init_weights` of AOD_YOLOV3  

neck.detect2.conv3.conv.weight - torch.Size([256, 512, 1, 1]): 
Initialized by user-defined `init_weights` in ConvModule  

neck.detect2.conv3.bn.weight - torch.Size([256]): 
The value is the same before and after calling `init_weights` of AOD_YOLOV3  

neck.detect2.conv3.bn.bias - torch.Size([256]): 
The value is the same before and after calling `init_weights` of AOD_YOLOV3  

neck.detect2.conv4.conv.weight - torch.Size([512, 256, 3, 3]): 
Initialized by user-defined `init_weights` in ConvModule  

neck.detect2.conv4.bn.weight - torch.Size([512]): 
The value is the same before and after calling `init_weights` of AOD_YOLOV3  

neck.detect2.conv4.bn.bias - torch.Size([512]): 
The value is the same before and after calling `init_weights` of AOD_YOLOV3  

neck.detect2.conv5.conv.weight - torch.Size([256, 512, 1, 1]): 
Initialized by user-defined `init_weights` in ConvModule  

neck.detect2.conv5.bn.weight - torch.Size([256]): 
The value is the same before and after calling `init_weights` of AOD_YOLOV3  

neck.detect2.conv5.bn.bias - torch.Size([256]): 
The value is the same before and after calling `init_weights` of AOD_YOLOV3  

neck.conv2.conv.weight - torch.Size([128, 256, 1, 1]): 
Initialized by user-defined `init_weights` in ConvModule  

neck.conv2.bn.weight - torch.Size([128]): 
The value is the same before and after calling `init_weights` of AOD_YOLOV3  

neck.conv2.bn.bias - torch.Size([128]): 
The value is the same before and after calling `init_weights` of AOD_YOLOV3  

neck.detect3.conv1.conv.weight - torch.Size([128, 384, 1, 1]): 
Initialized by user-defined `init_weights` in ConvModule  

neck.detect3.conv1.bn.weight - torch.Size([128]): 
The value is the same before and after calling `init_weights` of AOD_YOLOV3  

neck.detect3.conv1.bn.bias - torch.Size([128]): 
The value is the same before and after calling `init_weights` of AOD_YOLOV3  

neck.detect3.conv2.conv.weight - torch.Size([256, 128, 3, 3]): 
Initialized by user-defined `init_weights` in ConvModule  

neck.detect3.conv2.bn.weight - torch.Size([256]): 
The value is the same before and after calling `init_weights` of AOD_YOLOV3  

neck.detect3.conv2.bn.bias - torch.Size([256]): 
The value is the same before and after calling `init_weights` of AOD_YOLOV3  

neck.detect3.conv3.conv.weight - torch.Size([128, 256, 1, 1]): 
Initialized by user-defined `init_weights` in ConvModule  

neck.detect3.conv3.bn.weight - torch.Size([128]): 
The value is the same before and after calling `init_weights` of AOD_YOLOV3  

neck.detect3.conv3.bn.bias - torch.Size([128]): 
The value is the same before and after calling `init_weights` of AOD_YOLOV3  

neck.detect3.conv4.conv.weight - torch.Size([256, 128, 3, 3]): 
Initialized by user-defined `init_weights` in ConvModule  

neck.detect3.conv4.bn.weight - torch.Size([256]): 
The value is the same before and after calling `init_weights` of AOD_YOLOV3  

neck.detect3.conv4.bn.bias - torch.Size([256]): 
The value is the same before and after calling `init_weights` of AOD_YOLOV3  

neck.detect3.conv5.conv.weight - torch.Size([128, 256, 1, 1]): 
Initialized by user-defined `init_weights` in ConvModule  

neck.detect3.conv5.bn.weight - torch.Size([128]): 
The value is the same before and after calling `init_weights` of AOD_YOLOV3  

neck.detect3.conv5.bn.bias - torch.Size([128]): 
The value is the same before and after calling `init_weights` of AOD_YOLOV3  

bbox_head.convs_bridge.0.conv.weight - torch.Size([1024, 512, 3, 3]): 
Initialized by user-defined `init_weights` in YOLOV3Head  

bbox_head.convs_bridge.0.bn.weight - torch.Size([1024]): 
The value is the same before and after calling `init_weights` of AOD_YOLOV3  

bbox_head.convs_bridge.0.bn.bias - torch.Size([1024]): 
The value is the same before and after calling `init_weights` of AOD_YOLOV3  

bbox_head.convs_bridge.1.conv.weight - torch.Size([512, 256, 3, 3]): 
Initialized by user-defined `init_weights` in YOLOV3Head  

bbox_head.convs_bridge.1.bn.weight - torch.Size([512]): 
The value is the same before and after calling `init_weights` of AOD_YOLOV3  

bbox_head.convs_bridge.1.bn.bias - torch.Size([512]): 
The value is the same before and after calling `init_weights` of AOD_YOLOV3  

bbox_head.convs_bridge.2.conv.weight - torch.Size([256, 128, 3, 3]): 
Initialized by user-defined `init_weights` in YOLOV3Head  

bbox_head.convs_bridge.2.bn.weight - torch.Size([256]): 
The value is the same before and after calling `init_weights` of AOD_YOLOV3  

bbox_head.convs_bridge.2.bn.bias - torch.Size([256]): 
The value is the same before and after calling `init_weights` of AOD_YOLOV3  

bbox_head.convs_pred.0.weight - torch.Size([51, 1024, 1, 1]): 
Initialized by user-defined `init_weights` in YOLOV3Head  

bbox_head.convs_pred.0.bias - torch.Size([51]): 
Initialized by user-defined `init_weights` in YOLOV3Head  

bbox_head.convs_pred.1.weight - torch.Size([51, 512, 1, 1]): 
Initialized by user-defined `init_weights` in YOLOV3Head  

bbox_head.convs_pred.1.bias - torch.Size([51]): 
Initialized by user-defined `init_weights` in YOLOV3Head  

bbox_head.convs_pred.2.weight - torch.Size([51, 256, 1, 1]): 
Initialized by user-defined `init_weights` in YOLOV3Head  

bbox_head.convs_pred.2.bias - torch.Size([51]): 
Initialized by user-defined `init_weights` in YOLOV3Head  

pre_encoder.conv1.weight - torch.Size([3, 3, 1, 1]): 
The value is the same before and after calling `init_weights` of AOD_YOLOV3  

pre_encoder.conv1.bias - torch.Size([3]): 
The value is the same before and after calling `init_weights` of AOD_YOLOV3  

pre_encoder.conv2.weight - torch.Size([3, 3, 3, 3]): 
The value is the same before and after calling `init_weights` of AOD_YOLOV3  

pre_encoder.conv2.bias - torch.Size([3]): 
The value is the same before and after calling `init_weights` of AOD_YOLOV3  

pre_encoder.conv3.weight - torch.Size([3, 6, 5, 5]): 
The value is the same before and after calling `init_weights` of AOD_YOLOV3  

pre_encoder.conv3.bias - torch.Size([3]): 
The value is the same before and after calling `init_weights` of AOD_YOLOV3  

pre_encoder.conv4.weight - torch.Size([3, 6, 7, 7]): 
The value is the same before and after calling `init_weights` of AOD_YOLOV3  

pre_encoder.conv4.bias - torch.Size([3]): 
The value is the same before and after calling `init_weights` of AOD_YOLOV3  

pre_encoder.conv5.weight - torch.Size([3, 12, 3, 3]): 
The value is the same before and after calling `init_weights` of AOD_YOLOV3  

pre_encoder.conv5.bias - torch.Size([3]): 
The value is the same before and after calling `init_weights` of AOD_YOLOV3  
2024-01-12 14:29:59,188 - mmdet - INFO - load checkpoint from http path: https://download.openmmlab.com/mmdetection/v2.0/yolo/yolov3_d53_mstrain-608_273e_coco/yolov3_d53_mstrain-608_273e_coco_20210518_115020-a2c3acb8.pth
2024-01-12 14:29:59,396 - mmdet - WARNING - The model and loaded state dict do not match exactly

size mismatch for bbox_head.convs_pred.0.weight: copying a param with shape torch.Size([255, 1024, 1, 1]) from checkpoint, the shape in current model is torch.Size([51, 1024, 1, 1]).
size mismatch for bbox_head.convs_pred.0.bias: copying a param with shape torch.Size([255]) from checkpoint, the shape in current model is torch.Size([51]).
size mismatch for bbox_head.convs_pred.1.weight: copying a param with shape torch.Size([255, 512, 1, 1]) from checkpoint, the shape in current model is torch.Size([51, 512, 1, 1]).
size mismatch for bbox_head.convs_pred.1.bias: copying a param with shape torch.Size([255]) from checkpoint, the shape in current model is torch.Size([51]).
size mismatch for bbox_head.convs_pred.2.weight: copying a param with shape torch.Size([255, 256, 1, 1]) from checkpoint, the shape in current model is torch.Size([51, 256, 1, 1]).
size mismatch for bbox_head.convs_pred.2.bias: copying a param with shape torch.Size([255]) from checkpoint, the shape in current model is torch.Size([51]).
missing keys in source state_dict: pre_encoder.conv1.weight, pre_encoder.conv1.bias, pre_encoder.conv2.weight, pre_encoder.conv2.bias, pre_encoder.conv3.weight, pre_encoder.conv3.bias, pre_encoder.conv4.weight, pre_encoder.conv4.bias, pre_encoder.conv5.weight, pre_encoder.conv5.bias

2024-01-12 14:29:59,402 - mmdet - INFO - Start running, host: indemind@indemindDL, work_dir: /mnt/sda1/dark_detect/Illumination-Adaptive-Transformer-main/IAT_high/IAT_mmdetection/yoloV3_AOD_new
2024-01-12 14:29:59,402 - mmdet - INFO - Hooks will be executed in the following order:
before_run:
(VERY_HIGH   ) StepLrUpdaterHook                  
(NORMAL      ) CheckpointHook                     
(NORMAL      ) EvalHook                           
(VERY_LOW    ) TextLoggerHook                     
 -------------------- 
before_train_epoch:
(VERY_HIGH   ) StepLrUpdaterHook                  
(NORMAL      ) EvalHook                           
(NORMAL      ) NumClassCheckHook                  
(LOW         ) IterTimerHook                      
(VERY_LOW    ) TextLoggerHook                     
 -------------------- 
before_train_iter:
(VERY_HIGH   ) StepLrUpdaterHook                  
(NORMAL      ) EvalHook                           
(LOW         ) IterTimerHook                      
 -------------------- 
after_train_iter:
(ABOVE_NORMAL) OptimizerHook                      
(NORMAL      ) CheckpointHook                     
(NORMAL      ) EvalHook                           
(LOW         ) IterTimerHook                      
(VERY_LOW    ) TextLoggerHook                     
 -------------------- 
after_train_epoch:
(NORMAL      ) CheckpointHook                     
(NORMAL      ) EvalHook                           
(VERY_LOW    ) TextLoggerHook                     
 -------------------- 
before_val_epoch:
(NORMAL      ) NumClassCheckHook                  
(LOW         ) IterTimerHook                      
(VERY_LOW    ) TextLoggerHook                     
 -------------------- 
before_val_iter:
(LOW         ) IterTimerHook                      
 -------------------- 
after_val_iter:
(LOW         ) IterTimerHook                      
 -------------------- 
after_val_epoch:
(VERY_LOW    ) TextLoggerHook                     
 -------------------- 
after_run:
(VERY_LOW    ) TextLoggerHook                     
 -------------------- 
2024-01-12 14:29:59,403 - mmdet - INFO - workflow: [('train', 1)], max: 25 epochs
2024-01-12 14:29:59,403 - mmdet - INFO - Checkpoints will be saved to /mnt/sda1/dark_detect/Illumination-Adaptive-Transformer-main/IAT_high/IAT_mmdetection/yoloV3_AOD_new by HardDiskBackend.
2024-01-12 14:30:30,589 - mmdet - INFO - Epoch [1][50/738]	lr: 1.220e-04, eta: 3:11:12, time: 0.624, data_time: 0.053, memory: 6906, loss_cls: 119.4862, loss_conf: 386.5055, loss_xy: 73.9160, loss_wh: 12.7364, loss: 592.6441, grad_norm: 778.1618
2024-01-12 14:30:58,683 - mmdet - INFO - Epoch [1][100/738]	lr: 1.445e-04, eta: 3:01:15, time: 0.562, data_time: 0.005, memory: 6907, loss_cls: 94.6054, loss_conf: 175.5008, loss_xy: 68.0224, loss_wh: 5.8031, loss: 343.9317, grad_norm: 572.8310
2024-01-12 14:31:27,520 - mmdet - INFO - Epoch [1][150/738]	lr: 1.671e-04, eta: 2:59:09, time: 0.577, data_time: 0.004, memory: 6907, loss_cls: 85.0203, loss_conf: 129.6372, loss_xy: 69.3333, loss_wh: 5.3674, loss: 289.3583, grad_norm: 793.4885
2024-01-12 14:31:55,808 - mmdet - INFO - Epoch [1][200/738]	lr: 1.895e-04, eta: 2:57:01, time: 0.566, data_time: 0.004, memory: 6907, loss_cls: 75.4230, loss_conf: 108.5523, loss_xy: 72.1226, loss_wh: 5.3817, loss: 261.4796, grad_norm: 947.7166
2024-01-12 14:32:25,592 - mmdet - INFO - Epoch [1][250/738]	lr: 2.121e-04, eta: 2:57:21, time: 0.596, data_time: 0.004, memory: 6907, loss_cls: 75.1267, loss_conf: 109.4929, loss_xy: 79.0763, loss_wh: 5.6484, loss: 269.3442, grad_norm: 1005.5762
2024-01-12 14:32:52,286 - mmdet - INFO - Epoch [1][300/738]	lr: 2.345e-04, eta: 2:54:18, time: 0.534, data_time: 0.005, memory: 6907, loss_cls: 63.5915, loss_conf: 96.1528, loss_xy: 70.1559, loss_wh: 5.8241, loss: 235.7243, grad_norm: 1008.9761
2024-01-12 14:33:21,403 - mmdet - INFO - Epoch [1][350/738]	lr: 2.570e-04, eta: 2:54:05, time: 0.582, data_time: 0.004, memory: 6907, loss_cls: 58.1043, loss_conf: 92.2443, loss_xy: 72.1432, loss_wh: 6.3526, loss: 228.8444, grad_norm: 1054.7649
2024-01-12 14:33:50,715 - mmdet - INFO - Epoch [1][400/738]	lr: 2.795e-04, eta: 2:53:57, time: 0.586, data_time: 0.004, memory: 6907, loss_cls: 58.6577, loss_conf: 101.5429, loss_xy: 77.5725, loss_wh: 6.1231, loss: 243.8962, grad_norm: 1097.1781
2024-01-12 14:34:19,683 - mmdet - INFO - Epoch [1][450/738]	lr: 3.021e-04, eta: 2:53:30, time: 0.579, data_time: 0.004, memory: 6907, loss_cls: 49.3801, loss_conf: 86.2251, loss_xy: 66.6825, loss_wh: 6.3037, loss: 208.5913, grad_norm: 993.1005
2024-01-12 14:34:50,043 - mmdet - INFO - Epoch [1][500/738]	lr: 3.246e-04, eta: 2:53:53, time: 0.607, data_time: 0.005, memory: 6907, loss_cls: 43.6267, loss_conf: 84.4696, loss_xy: 68.5520, loss_wh: 6.2463, loss: 202.8946, grad_norm: 1086.4972
2024-01-12 14:35:19,776 - mmdet - INFO - Epoch [1][550/738]	lr: 3.470e-04, eta: 2:53:46, time: 0.595, data_time: 0.004, memory: 6907, loss_cls: 42.3111, loss_conf: 81.7260, loss_xy: 64.6824, loss_wh: 6.0761, loss: 194.7956, grad_norm: 959.6094
2024-01-12 14:35:48,044 - mmdet - INFO - Epoch [1][600/738]	lr: 3.695e-04, eta: 2:52:51, time: 0.565, data_time: 0.004, memory: 6907, loss_cls: 41.5575, loss_conf: 88.4181, loss_xy: 70.4087, loss_wh: 6.5393, loss: 206.9235, grad_norm: 1090.0466
2024-01-12 14:36:16,633 - mmdet - INFO - Epoch [1][650/738]	lr: 3.921e-04, eta: 2:52:09, time: 0.572, data_time: 0.006, memory: 6907, loss_cls: 34.1592, loss_conf: 82.5436, loss_xy: 67.7492, loss_wh: 6.8010, loss: 191.2529, grad_norm: 1112.5829
2024-01-12 14:36:46,381 - mmdet - INFO - Epoch [1][700/738]	lr: 4.145e-04, eta: 2:51:59, time: 0.595, data_time: 0.005, memory: 6907, loss_cls: 32.7649, loss_conf: 85.9228, loss_xy: 71.9558, loss_wh: 6.4185, loss: 197.0620, grad_norm: 1063.3641
2024-01-12 14:37:10,166 - mmdet - INFO - Saving checkpoint at 1 epochs
2024-01-12 14:38:09,905 - mmdet - INFO - 
+-----------+------+-------+--------+-------+
| class     | gts  | dets  | recall | ap    |
+-----------+------+-------+--------+-------+
| Bicycle   | 212  | 2492  | 0.877  | 0.591 |
| Boat      | 289  | 5084  | 0.907  | 0.608 |
| Bottle    | 282  | 3946  | 0.823  | 0.523 |
| Bus       | 135  | 1196  | 0.956  | 0.864 |
| Car       | 597  | 7973  | 0.918  | 0.646 |
| Cat       | 183  | 1374  | 0.852  | 0.542 |
| Chair     | 466  | 4917  | 0.863  | 0.596 |
| Cup       | 366  | 4702  | 0.910  | 0.634 |
| Dog       | 207  | 1469  | 0.942  | 0.703 |
| Motorbike | 233  | 2247  | 0.768  | 0.539 |
| People    | 1562 | 14397 | 0.908  | 0.582 |
| Table     | 333  | 4232  | 0.793  | 0.383 |
+-----------+------+-------+--------+-------+
| mAP       |      |       |        | 0.601 |
+-----------+------+-------+--------+-------+
2024-01-12 14:38:10,231 - mmdet - INFO - Exp name: yolov3_AOD_none.py
2024-01-12 14:38:10,232 - mmdet - INFO - Epoch(val) [1][1467]	AP50: 0.6010, mAP: 0.6009
2024-01-12 14:38:42,525 - mmdet - INFO - Epoch [2][50/738]	lr: 4.541e-04, eta: 2:44:05, time: 0.645, data_time: 0.058, memory: 6907, loss_cls: 31.2755, loss_conf: 86.0844, loss_xy: 73.7431, loss_wh: 8.5712, loss: 199.6742, grad_norm: 1066.0615
2024-01-12 14:39:11,928 - mmdet - INFO - Epoch [2][100/738]	lr: 4.767e-04, eta: 2:44:09, time: 0.588, data_time: 0.004, memory: 6907, loss_cls: 28.0806, loss_conf: 81.2148, loss_xy: 71.1317, loss_wh: 6.8157, loss: 187.2428, grad_norm: 1057.6267
2024-01-12 14:39:41,047 - mmdet - INFO - Epoch [2][150/738]	lr: 4.991e-04, eta: 2:44:04, time: 0.582, data_time: 0.005, memory: 6907, loss_cls: 28.3285, loss_conf: 80.6711, loss_xy: 70.3727, loss_wh: 8.2514, loss: 187.6238, grad_norm: 1046.4529
2024-01-12 14:40:10,862 - mmdet - INFO - Epoch [2][200/738]	lr: 5.216e-04, eta: 2:44:09, time: 0.596, data_time: 0.004, memory: 6907, loss_cls: 22.2566, loss_conf: 66.7275, loss_xy: 60.2518, loss_wh: 7.5323, loss: 156.7682, grad_norm: 973.5775
2024-01-12 14:40:40,734 - mmdet - INFO - Epoch [2][250/738]	lr: 5.442e-04, eta: 2:44:12, time: 0.597, data_time: 0.004, memory: 6907, loss_cls: 22.5243, loss_conf: 70.2685, loss_xy: 60.6538, loss_wh: 6.5617, loss: 160.0084, grad_norm: 956.0027
2024-01-12 14:41:08,966 - mmdet - INFO - Epoch [2][300/738]	lr: 5.666e-04, eta: 2:43:44, time: 0.565, data_time: 0.004, memory: 6907, loss_cls: 25.5214, loss_conf: 80.7618, loss_xy: 65.4722, loss_wh: 7.3311, loss: 179.0865, grad_norm: 1003.1710
2024-01-12 14:41:38,332 - mmdet - INFO - Epoch [2][350/738]	lr: 5.891e-04, eta: 2:43:34, time: 0.587, data_time: 0.005, memory: 6907, loss_cls: 25.2930, loss_conf: 76.3942, loss_xy: 66.3836, loss_wh: 9.3997, loss: 177.4704, grad_norm: 1036.8505
2024-01-12 14:42:06,679 - mmdet - INFO - Epoch [2][400/738]	lr: 6.117e-04, eta: 2:43:07, time: 0.567, data_time: 0.004, memory: 6907, loss_cls: 23.1940, loss_conf: 70.3899, loss_xy: 61.8746, loss_wh: 7.7454, loss: 163.2039, grad_norm: 990.0199
2024-01-12 14:42:35,840 - mmdet - INFO - Epoch [2][450/738]	lr: 6.341e-04, eta: 2:42:52, time: 0.583, data_time: 0.005, memory: 6907, loss_cls: 21.7978, loss_conf: 73.7580, loss_xy: 61.9305, loss_wh: 7.6749, loss: 165.1611, grad_norm: 951.8831
2024-01-12 14:43:05,453 - mmdet - INFO - Epoch [2][500/738]	lr: 6.566e-04, eta: 2:42:42, time: 0.592, data_time: 0.004, memory: 6907, loss_cls: 27.0173, loss_conf: 82.7984, loss_xy: 70.5609, loss_wh: 7.9895, loss: 188.3661, grad_norm: 976.1092
2024-01-12 14:43:35,056 - mmdet - INFO - Epoch [2][550/738]	lr: 6.791e-04, eta: 2:42:30, time: 0.592, data_time: 0.004, memory: 6907, loss_cls: 23.8257, loss_conf: 76.0107, loss_xy: 63.3381, loss_wh: 5.8539, loss: 169.0284, grad_norm: 940.9233
2024-01-12 14:44:05,593 - mmdet - INFO - Epoch [2][600/738]	lr: 7.017e-04, eta: 2:42:29, time: 0.611, data_time: 0.005, memory: 6907, loss_cls: 27.9864, loss_conf: 87.8965, loss_xy: 70.4407, loss_wh: 8.0085, loss: 194.3322, grad_norm: 952.9258
2024-01-12 14:44:35,857 - mmdet - INFO - Epoch [2][650/738]	lr: 7.242e-04, eta: 2:42:22, time: 0.605, data_time: 0.005, memory: 6907, loss_cls: 25.4695, loss_conf: 77.6546, loss_xy: 65.2986, loss_wh: 8.9785, loss: 177.4011, grad_norm: 985.5179
2024-01-12 14:45:03,798 - mmdet - INFO - Epoch [2][700/738]	lr: 7.467e-04, eta: 2:41:46, time: 0.559, data_time: 0.005, memory: 6907, loss_cls: 23.0009, loss_conf: 78.9015, loss_xy: 67.2058, loss_wh: 7.2445, loss: 176.3527, grad_norm: 969.8957
2024-01-12 14:45:25,906 - mmdet - INFO - Saving checkpoint at 2 epochs
2024-01-12 14:46:16,494 - mmdet - INFO - 
+-----------+------+-------+--------+-------+
| class     | gts  | dets  | recall | ap    |
+-----------+------+-------+--------+-------+
| Bicycle   | 212  | 1295  | 0.873  | 0.673 |
| Boat      | 289  | 1939  | 0.830  | 0.583 |
| Bottle    | 282  | 6414  | 0.894  | 0.619 |
| Bus       | 135  | 1095  | 0.956  | 0.828 |
| Car       | 597  | 6640  | 0.889  | 0.652 |
| Cat       | 183  | 1205  | 0.869  | 0.581 |
| Chair     | 466  | 6197  | 0.835  | 0.505 |
| Cup       | 366  | 6644  | 0.937  | 0.684 |
| Dog       | 207  | 1172  | 0.903  | 0.665 |
| Motorbike | 233  | 1862  | 0.777  | 0.507 |
| People    | 1562 | 11048 | 0.912  | 0.743 |
| Table     | 333  | 4646  | 0.787  | 0.425 |
+-----------+------+-------+--------+-------+
| mAP       |      |       |        | 0.622 |
+-----------+------+-------+--------+-------+
2024-01-12 14:46:16,499 - mmdet - INFO - Exp name: yolov3_AOD_none.py
2024-01-12 14:46:16,500 - mmdet - INFO - Epoch(val) [2][1467]	AP50: 0.6220, mAP: 0.6220
2024-01-12 14:46:47,910 - mmdet - INFO - Epoch [3][50/738]	lr: 7.862e-04, eta: 2:37:28, time: 0.628, data_time: 0.055, memory: 6907, loss_cls: 22.2202, loss_conf: 77.9183, loss_xy: 71.4722, loss_wh: 8.0782, loss: 179.6888, grad_norm: 960.6885
2024-01-12 14:47:17,504 - mmdet - INFO - Epoch [3][100/738]	lr: 8.088e-04, eta: 2:37:18, time: 0.592, data_time: 0.005, memory: 6907, loss_cls: 21.6193, loss_conf: 81.9993, loss_xy: 68.1677, loss_wh: 7.6089, loss: 179.3953, grad_norm: 954.2639
2024-01-12 14:47:46,306 - mmdet - INFO - Epoch [3][150/738]	lr: 8.313e-04, eta: 2:36:58, time: 0.576, data_time: 0.004, memory: 6907, loss_cls: 24.5566, loss_conf: 79.0670, loss_xy: 68.4136, loss_wh: 7.5246, loss: 179.5619, grad_norm: 911.9540
2024-01-12 14:48:15,660 - mmdet - INFO - Epoch [3][200/738]	lr: 8.538e-04, eta: 2:36:44, time: 0.587, data_time: 0.005, memory: 6907, loss_cls: 21.4710, loss_conf: 79.4977, loss_xy: 69.0199, loss_wh: 7.8916, loss: 177.8802, grad_norm: 898.9727
2024-01-12 14:48:45,757 - mmdet - INFO - Epoch [3][250/738]	lr: 8.763e-04, eta: 2:36:36, time: 0.602, data_time: 0.005, memory: 6907, loss_cls: 21.3924, loss_conf: 82.9084, loss_xy: 69.8901, loss_wh: 8.3724, loss: 182.5633, grad_norm: 1038.6232
2024-01-12 14:49:15,674 - mmdet - INFO - Epoch [3][300/738]	lr: 8.987e-04, eta: 2:36:25, time: 0.598, data_time: 0.005, memory: 6907, loss_cls: 19.3623, loss_conf: 76.0724, loss_xy: 66.8710, loss_wh: 8.1508, loss: 170.4565, grad_norm: 880.6481
2024-01-12 14:49:45,374 - mmdet - INFO - Epoch [3][350/738]	lr: 9.213e-04, eta: 2:36:11, time: 0.594, data_time: 0.005, memory: 6907, loss_cls: 22.0279, loss_conf: 73.7077, loss_xy: 64.9068, loss_wh: 6.3266, loss: 166.9690, grad_norm: 898.2787
2024-01-12 14:50:14,166 - mmdet - INFO - Epoch [3][400/738]	lr: 9.438e-04, eta: 2:35:48, time: 0.576, data_time: 0.005, memory: 6907, loss_cls: 21.5599, loss_conf: 78.9949, loss_xy: 62.0224, loss_wh: 6.6895, loss: 169.2667, grad_norm: 927.9067
2024-01-12 14:50:43,520 - mmdet - INFO - Epoch [3][450/738]	lr: 9.663e-04, eta: 2:35:30, time: 0.587, data_time: 0.005, memory: 6907, loss_cls: 21.6517, loss_conf: 75.7024, loss_xy: 62.2295, loss_wh: 7.4538, loss: 167.0374, grad_norm: 921.0131
2024-01-12 14:51:12,713 - mmdet - INFO - Epoch [3][500/738]	lr: 9.888e-04, eta: 2:35:10, time: 0.584, data_time: 0.005, memory: 6907, loss_cls: 20.8848, loss_conf: 71.4539, loss_xy: 60.8919, loss_wh: 6.6490, loss: 159.8796, grad_norm: 861.9094
2024-01-12 14:51:43,265 - mmdet - INFO - Epoch [3][550/738]	lr: 1.000e-03, eta: 2:35:00, time: 0.611, data_time: 0.005, memory: 6907, loss_cls: 21.3204, loss_conf: 81.6534, loss_xy: 67.6596, loss_wh: 6.3869, loss: 177.0203, grad_norm: 991.2001
2024-01-12 14:52:12,525 - mmdet - INFO - Epoch [3][600/738]	lr: 1.000e-03, eta: 2:34:39, time: 0.585, data_time: 0.005, memory: 6907, loss_cls: 23.3531, loss_conf: 78.8840, loss_xy: 66.3774, loss_wh: 6.9608, loss: 175.5752, grad_norm: 880.3254
2024-01-12 14:52:41,133 - mmdet - INFO - Epoch [3][650/738]	lr: 1.000e-03, eta: 2:34:13, time: 0.572, data_time: 0.005, memory: 6907, loss_cls: 21.5022, loss_conf: 76.5502, loss_xy: 65.0340, loss_wh: 7.8884, loss: 170.9748, grad_norm: 896.9559
2024-01-12 14:53:10,258 - mmdet - INFO - Epoch [3][700/738]	lr: 1.000e-03, eta: 2:33:50, time: 0.582, data_time: 0.005, memory: 6907, loss_cls: 27.8297, loss_conf: 91.3556, loss_xy: 77.9630, loss_wh: 10.4607, loss: 207.6091, grad_norm: 1063.7476
2024-01-12 14:53:32,304 - mmdet - INFO - Saving checkpoint at 3 epochs
2024-01-12 14:54:21,797 - mmdet - INFO - 
+-----------+------+-------+--------+-------+
| class     | gts  | dets  | recall | ap    |
+-----------+------+-------+--------+-------+
| Bicycle   | 212  | 2095  | 0.835  | 0.534 |
| Boat      | 289  | 2683  | 0.675  | 0.323 |
| Bottle    | 282  | 3510  | 0.709  | 0.367 |
| Bus       | 135  | 1429  | 0.770  | 0.337 |
| Car       | 597  | 6301  | 0.920  | 0.645 |
| Cat       | 183  | 3190  | 0.885  | 0.490 |
| Chair     | 466  | 6299  | 0.820  | 0.540 |
| Cup       | 366  | 3901  | 0.784  | 0.303 |
| Dog       | 207  | 3034  | 0.903  | 0.487 |
| Motorbike | 233  | 3217  | 0.863  | 0.540 |
| People    | 1562 | 14626 | 0.895  | 0.706 |
| Table     | 333  | 4845  | 0.799  | 0.384 |
+-----------+------+-------+--------+-------+
| mAP       |      |       |        | 0.471 |
+-----------+------+-------+--------+-------+
2024-01-12 14:54:21,802 - mmdet - INFO - Exp name: yolov3_AOD_none.py
2024-01-12 14:54:21,802 - mmdet - INFO - Epoch(val) [3][1467]	AP50: 0.4710, mAP: 0.4713
2024-01-12 14:54:52,791 - mmdet - INFO - Epoch [4][50/738]	lr: 1.000e-03, eta: 2:30:45, time: 0.620, data_time: 0.053, memory: 6907, loss_cls: 17.9344, loss_conf: 69.6773, loss_xy: 60.3788, loss_wh: 5.9698, loss: 153.9604, grad_norm: 862.1689
2024-01-12 14:55:22,351 - mmdet - INFO - Epoch [4][100/738]	lr: 1.000e-03, eta: 2:30:28, time: 0.591, data_time: 0.005, memory: 6907, loss_cls: 21.9021, loss_conf: 68.2471, loss_xy: 63.9727, loss_wh: 5.4980, loss: 159.6199, grad_norm: 832.2562
2024-01-12 14:55:51,146 - mmdet - INFO - Epoch [4][150/738]	lr: 1.000e-03, eta: 2:30:06, time: 0.576, data_time: 0.005, memory: 6907, loss_cls: 18.4317, loss_conf: 71.3258, loss_xy: 61.5770, loss_wh: 5.7696, loss: 157.1040, grad_norm: 864.4238
2024-01-12 14:56:20,388 - mmdet - INFO - Epoch [4][200/738]	lr: 1.000e-03, eta: 2:29:46, time: 0.585, data_time: 0.005, memory: 6907, loss_cls: 19.6815, loss_conf: 74.8145, loss_xy: 64.6053, loss_wh: 5.3910, loss: 164.4924, grad_norm: 843.4923
2024-01-12 14:56:48,816 - mmdet - INFO - Epoch [4][250/738]	lr: 1.000e-03, eta: 2:29:21, time: 0.569, data_time: 0.005, memory: 6907, loss_cls: 22.7911, loss_conf: 87.3131, loss_xy: 74.8093, loss_wh: 7.8295, loss: 192.7430, grad_norm: 989.8466
2024-01-12 14:57:16,645 - mmdet - INFO - Epoch [4][300/738]	lr: 1.000e-03, eta: 2:28:52, time: 0.557, data_time: 0.004, memory: 6907, loss_cls: 21.9980, loss_conf: 80.6778, loss_xy: 69.5751, loss_wh: 5.3998, loss: 177.6506, grad_norm: 1002.1466
2024-01-12 14:57:44,974 - mmdet - INFO - Epoch [4][350/738]	lr: 1.000e-03, eta: 2:28:25, time: 0.567, data_time: 0.005, memory: 6907, loss_cls: 19.4837, loss_conf: 73.3753, loss_xy: 60.4019, loss_wh: 6.1222, loss: 159.3831, grad_norm: 875.1720
2024-01-12 14:58:14,455 - mmdet - INFO - Epoch [4][400/738]	lr: 1.000e-03, eta: 2:28:06, time: 0.590, data_time: 0.005, memory: 6907, loss_cls: 20.4889, loss_conf: 85.5911, loss_xy: 71.9767, loss_wh: 7.2073, loss: 185.2641, grad_norm: 952.5020
2024-01-12 14:58:43,523 - mmdet - INFO - Epoch [4][450/738]	lr: 1.000e-03, eta: 2:27:44, time: 0.581, data_time: 0.005, memory: 6907, loss_cls: 18.8860, loss_conf: 72.4321, loss_xy: 61.9561, loss_wh: 4.6809, loss: 157.9550, grad_norm: 898.5856
2024-01-12 14:59:11,441 - mmdet - INFO - Epoch [4][500/738]	lr: 1.000e-03, eta: 2:27:15, time: 0.558, data_time: 0.005, memory: 6907, loss_cls: 20.3400, loss_conf: 76.5532, loss_xy: 66.3856, loss_wh: 6.8044, loss: 170.0833, grad_norm: 874.8474
2024-01-12 14:59:40,535 - mmdet - INFO - Epoch [4][550/738]	lr: 1.000e-03, eta: 2:26:53, time: 0.582, data_time: 0.005, memory: 6907, loss_cls: 20.2322, loss_conf: 76.7630, loss_xy: 65.9683, loss_wh: 6.1218, loss: 169.0852, grad_norm: 939.5764
2024-01-12 15:00:09,886 - mmdet - INFO - Epoch [4][600/738]	lr: 1.000e-03, eta: 2:26:32, time: 0.587, data_time: 0.005, memory: 6907, loss_cls: 20.9470, loss_conf: 80.3932, loss_xy: 67.8504, loss_wh: 6.0540, loss: 175.2446, grad_norm: 835.1851
2024-01-12 15:00:39,490 - mmdet - INFO - Epoch [4][650/738]	lr: 1.000e-03, eta: 2:26:12, time: 0.592, data_time: 0.005, memory: 6907, loss_cls: 19.3497, loss_conf: 75.1107, loss_xy: 65.0753, loss_wh: 6.0223, loss: 165.5580, grad_norm: 822.9601
2024-01-12 15:01:07,102 - mmdet - INFO - Epoch [4][700/738]	lr: 1.000e-03, eta: 2:25:41, time: 0.552, data_time: 0.004, memory: 6907, loss_cls: 20.9222, loss_conf: 81.6485, loss_xy: 70.8494, loss_wh: 5.5931, loss: 179.0131, grad_norm: 873.1278
2024-01-12 15:01:29,003 - mmdet - INFO - Saving checkpoint at 4 epochs
2024-01-12 15:02:24,574 - mmdet - INFO - 
+-----------+------+-------+--------+-------+
| class     | gts  | dets  | recall | ap    |
+-----------+------+-------+--------+-------+
| Bicycle   | 212  | 2359  | 0.892  | 0.677 |
| Boat      | 289  | 3982  | 0.813  | 0.487 |
| Bottle    | 282  | 2779  | 0.844  | 0.615 |
| Bus       | 135  | 869   | 0.956  | 0.859 |
| Car       | 597  | 2568  | 0.894  | 0.760 |
| Cat       | 183  | 2713  | 0.836  | 0.485 |
| Chair     | 466  | 7003  | 0.826  | 0.549 |
| Cup       | 366  | 2780  | 0.844  | 0.637 |
| Dog       | 207  | 3182  | 0.903  | 0.590 |
| Motorbike | 233  | 1877  | 0.837  | 0.581 |
| People    | 1562 | 13371 | 0.913  | 0.713 |
| Table     | 333  | 5661  | 0.799  | 0.399 |
+-----------+------+-------+--------+-------+
| mAP       |      |       |        | 0.613 |
+-----------+------+-------+--------+-------+
2024-01-12 15:02:24,578 - mmdet - INFO - Exp name: yolov3_AOD_none.py
2024-01-12 15:02:24,579 - mmdet - INFO - Epoch(val) [4][1467]	AP50: 0.6130, mAP: 0.6126
2024-01-12 15:02:55,092 - mmdet - INFO - Epoch [5][50/738]	lr: 1.000e-03, eta: 2:23:13, time: 0.610, data_time: 0.064, memory: 6907, loss_cls: 22.0552, loss_conf: 80.0275, loss_xy: 71.6325, loss_wh: 6.0701, loss: 179.7852, grad_norm: 798.0815
2024-01-12 15:03:22,249 - mmdet - INFO - Epoch [5][100/738]	lr: 1.000e-03, eta: 2:22:42, time: 0.543, data_time: 0.004, memory: 6907, loss_cls: 17.0234, loss_conf: 74.0825, loss_xy: 67.3595, loss_wh: 5.6269, loss: 164.0923, grad_norm: 845.0806
2024-01-12 15:03:49,826 - mmdet - INFO - Epoch [5][150/738]	lr: 1.000e-03, eta: 2:22:13, time: 0.552, data_time: 0.004, memory: 6907, loss_cls: 16.6910, loss_conf: 70.8513, loss_xy: 61.9026, loss_wh: 4.7637, loss: 154.2086, grad_norm: 822.5806
2024-01-12 15:04:19,263 - mmdet - INFO - Epoch [5][200/738]	lr: 1.000e-03, eta: 2:21:53, time: 0.589, data_time: 0.005, memory: 6907, loss_cls: 16.8226, loss_conf: 74.7861, loss_xy: 67.4049, loss_wh: 4.8441, loss: 163.8577, grad_norm: 869.6654
2024-01-12 15:04:48,116 - mmdet - INFO - Epoch [5][250/738]	lr: 1.000e-03, eta: 2:21:31, time: 0.577, data_time: 0.005, memory: 6907, loss_cls: 19.0421, loss_conf: 76.6286, loss_xy: 68.7483, loss_wh: 5.0196, loss: 169.4387, grad_norm: 931.5531
2024-01-12 15:05:17,380 - mmdet - INFO - Epoch [5][300/738]	lr: 1.000e-03, eta: 2:21:09, time: 0.585, data_time: 0.005, memory: 6907, loss_cls: 17.6486, loss_conf: 71.1153, loss_xy: 61.5175, loss_wh: 5.5458, loss: 155.8273, grad_norm: 870.7297
2024-01-12 15:05:46,430 - mmdet - INFO - Epoch [5][350/738]	lr: 1.000e-03, eta: 2:20:47, time: 0.581, data_time: 0.005, memory: 6907, loss_cls: 19.1314, loss_conf: 72.4083, loss_xy: 65.3608, loss_wh: 5.3312, loss: 162.2318, grad_norm: 809.7504
2024-01-12 15:06:13,709 - mmdet - INFO - Epoch [5][400/738]	lr: 1.000e-03, eta: 2:20:16, time: 0.546, data_time: 0.004, memory: 6907, loss_cls: 16.8801, loss_conf: 78.5815, loss_xy: 70.7587, loss_wh: 6.3622, loss: 172.5826, grad_norm: 794.1744
2024-01-12 15:06:43,834 - mmdet - INFO - Epoch [5][450/738]	lr: 1.000e-03, eta: 2:19:58, time: 0.602, data_time: 0.005, memory: 6907, loss_cls: 17.1910, loss_conf: 66.4338, loss_xy: 60.7104, loss_wh: 4.5539, loss: 148.8892, grad_norm: 768.0613
2024-01-12 15:07:12,114 - mmdet - INFO - Epoch [5][500/738]	lr: 1.000e-03, eta: 2:19:32, time: 0.566, data_time: 0.005, memory: 6907, loss_cls: 17.0270, loss_conf: 74.4530, loss_xy: 67.0484, loss_wh: 5.1634, loss: 163.6919, grad_norm: 842.9777
2024-01-12 15:07:39,598 - mmdet - INFO - Epoch [5][550/738]	lr: 1.000e-03, eta: 2:19:02, time: 0.550, data_time: 0.005, memory: 6907, loss_cls: 19.7140, loss_conf: 80.3541, loss_xy: 70.5115, loss_wh: 4.6555, loss: 175.2351, grad_norm: 1000.8685
2024-01-12 15:08:06,673 - mmdet - INFO - Epoch [5][600/738]	lr: 1.000e-03, eta: 2:18:31, time: 0.542, data_time: 0.004, memory: 6907, loss_cls: 16.7136, loss_conf: 74.2736, loss_xy: 65.4224, loss_wh: 4.7116, loss: 161.1211, grad_norm: 878.5759
2024-01-12 15:08:34,707 - mmdet - INFO - Epoch [5][650/738]	lr: 1.000e-03, eta: 2:18:04, time: 0.561, data_time: 0.004, memory: 6907, loss_cls: 16.3781, loss_conf: 67.4033, loss_xy: 60.6762, loss_wh: 4.2019, loss: 148.6594, grad_norm: 884.1809
2024-01-12 15:09:03,651 - mmdet - INFO - Epoch [5][700/738]	lr: 1.000e-03, eta: 2:17:40, time: 0.579, data_time: 0.004, memory: 6907, loss_cls: 18.7682, loss_conf: 70.1616, loss_xy: 58.1849, loss_wh: 4.2585, loss: 151.3733, grad_norm: 846.4181
2024-01-12 15:09:25,665 - mmdet - INFO - Saving checkpoint at 5 epochs
2024-01-12 15:10:17,486 - mmdet - INFO - 
+-----------+------+-------+--------+-------+
| class     | gts  | dets  | recall | ap    |
+-----------+------+-------+--------+-------+
| Bicycle   | 212  | 1648  | 0.896  | 0.711 |
| Boat      | 289  | 2962  | 0.810  | 0.376 |
| Bottle    | 282  | 3024  | 0.833  | 0.684 |
| Bus       | 135  | 1107  | 0.852  | 0.458 |
| Car       | 597  | 5487  | 0.910  | 0.646 |
| Cat       | 183  | 1585  | 0.869  | 0.549 |
| Chair     | 466  | 8319  | 0.839  | 0.555 |
| Cup       | 366  | 3862  | 0.888  | 0.659 |
| Dog       | 207  | 1970  | 0.947  | 0.687 |
| Motorbike | 233  | 2097  | 0.828  | 0.559 |
| People    | 1562 | 11872 | 0.921  | 0.765 |
| Table     | 333  | 5814  | 0.808  | 0.423 |
+-----------+------+-------+--------+-------+
| mAP       |      |       |        | 0.589 |
+-----------+------+-------+--------+-------+
2024-01-12 15:10:17,490 - mmdet - INFO - Exp name: yolov3_AOD_none.py
2024-01-12 15:10:17,491 - mmdet - INFO - Epoch(val) [5][1467]	AP50: 0.5890, mAP: 0.5894
2024-01-12 15:10:48,624 - mmdet - INFO - Epoch [6][50/738]	lr: 1.000e-03, eta: 2:15:40, time: 0.622, data_time: 0.059, memory: 6907, loss_cls: 16.1256, loss_conf: 71.1178, loss_xy: 65.8697, loss_wh: 5.5178, loss: 158.6309, grad_norm: 835.0504
2024-01-12 15:11:16,649 - mmdet - INFO - Epoch [6][100/738]	lr: 1.000e-03, eta: 2:15:14, time: 0.561, data_time: 0.004, memory: 6907, loss_cls: 14.2701, loss_conf: 64.5570, loss_xy: 62.5472, loss_wh: 3.7230, loss: 145.0972, grad_norm: 813.4181
2024-01-12 15:11:44,376 - mmdet - INFO - Epoch [6][150/738]	lr: 1.000e-03, eta: 2:14:46, time: 0.555, data_time: 0.004, memory: 6907, loss_cls: 17.9003, loss_conf: 68.8294, loss_xy: 61.2157, loss_wh: 4.6406, loss: 152.5861, grad_norm: 895.1704
2024-01-12 15:12:13,890 - mmdet - INFO - Epoch [6][200/738]	lr: 1.000e-03, eta: 2:14:25, time: 0.590, data_time: 0.005, memory: 6907, loss_cls: 17.0908, loss_conf: 70.9532, loss_xy: 62.9352, loss_wh: 5.2405, loss: 156.2196, grad_norm: 1020.7662
2024-01-12 15:12:42,139 - mmdet - INFO - Epoch [6][250/738]	lr: 1.000e-03, eta: 2:14:00, time: 0.565, data_time: 0.004, memory: 6907, loss_cls: 19.0298, loss_conf: 78.2746, loss_xy: 69.2599, loss_wh: 4.6718, loss: 171.2361, grad_norm: 853.6212
2024-01-12 15:13:11,085 - mmdet - INFO - Epoch [6][300/738]	lr: 1.000e-03, eta: 2:13:37, time: 0.579, data_time: 0.005, memory: 6907, loss_cls: 21.6121, loss_conf: 77.1395, loss_xy: 70.5080, loss_wh: 6.1904, loss: 175.4500, grad_norm: 891.1308
2024-01-12 15:13:39,873 - mmdet - INFO - Epoch [6][350/738]	lr: 1.000e-03, eta: 2:13:13, time: 0.576, data_time: 0.004, memory: 6907, loss_cls: 15.7171, loss_conf: 68.5043, loss_xy: 64.3206, loss_wh: 5.6267, loss: 154.1687, grad_norm: 779.2051
2024-01-12 15:14:09,865 - mmdet - INFO - Epoch [6][400/738]	lr: 1.000e-03, eta: 2:12:53, time: 0.600, data_time: 0.005, memory: 6907, loss_cls: 16.5180, loss_conf: 63.7735, loss_xy: 60.3500, loss_wh: 4.8782, loss: 145.5197, grad_norm: 759.6688
2024-01-12 15:14:38,068 - mmdet - INFO - Epoch [6][450/738]	lr: 1.000e-03, eta: 2:12:27, time: 0.564, data_time: 0.005, memory: 6907, loss_cls: 16.9797, loss_conf: 81.6557, loss_xy: 72.5677, loss_wh: 5.7634, loss: 176.9665, grad_norm: 814.2918
2024-01-12 15:15:07,326 - mmdet - INFO - Epoch [6][500/738]	lr: 1.000e-03, eta: 2:12:04, time: 0.585, data_time: 0.005, memory: 6907, loss_cls: 17.2496, loss_conf: 81.5103, loss_xy: 71.5736, loss_wh: 5.0004, loss: 175.3339, grad_norm: 863.6412
2024-01-12 15:15:35,490 - mmdet - INFO - Epoch [6][550/738]	lr: 1.000e-03, eta: 2:11:37, time: 0.563, data_time: 0.005, memory: 6907, loss_cls: 14.8072, loss_conf: 72.3594, loss_xy: 64.8204, loss_wh: 4.3017, loss: 156.2886, grad_norm: 779.0539
2024-01-12 15:16:04,931 - mmdet - INFO - Epoch [6][600/738]	lr: 1.000e-03, eta: 2:11:15, time: 0.589, data_time: 0.005, memory: 6907, loss_cls: 15.9948, loss_conf: 72.3612, loss_xy: 65.6992, loss_wh: 4.7781, loss: 158.8333, grad_norm: 855.6726
2024-01-12 15:16:32,748 - mmdet - INFO - Epoch [6][650/738]	lr: 1.000e-03, eta: 2:10:47, time: 0.556, data_time: 0.004, memory: 6907, loss_cls: 15.6118, loss_conf: 76.3696, loss_xy: 69.1555, loss_wh: 4.5650, loss: 165.7018, grad_norm: 891.7792
2024-01-12 15:17:01,439 - mmdet - INFO - Epoch [6][700/738]	lr: 1.000e-03, eta: 2:10:22, time: 0.574, data_time: 0.004, memory: 6907, loss_cls: 21.1478, loss_conf: 68.4921, loss_xy: 62.8321, loss_wh: 4.4716, loss: 156.9435, grad_norm: 846.2190
2024-01-12 15:17:22,592 - mmdet - INFO - Saving checkpoint at 6 epochs
2024-01-12 15:18:05,651 - mmdet - INFO - 
+-----------+------+-------+--------+-------+
| class     | gts  | dets  | recall | ap    |
+-----------+------+-------+--------+-------+
| Bicycle   | 212  | 2532  | 0.929  | 0.768 |
| Boat      | 289  | 3890  | 0.945  | 0.711 |
| Bottle    | 282  | 4352  | 0.833  | 0.438 |
| Bus       | 135  | 657   | 0.948  | 0.856 |
| Car       | 597  | 5152  | 0.918  | 0.756 |
| Cat       | 183  | 1878  | 0.874  | 0.540 |
| Chair     | 466  | 5126  | 0.854  | 0.609 |
| Cup       | 366  | 3856  | 0.877  | 0.626 |
| Dog       | 207  | 1947  | 0.913  | 0.636 |
| Motorbike | 233  | 2934  | 0.884  | 0.643 |
| People    | 1562 | 11703 | 0.893  | 0.708 |
| Table     | 333  | 4097  | 0.799  | 0.504 |
+-----------+------+-------+--------+-------+
| mAP       |      |       |        | 0.650 |
+-----------+------+-------+--------+-------+
2024-01-12 15:18:05,675 - mmdet - INFO - Exp name: yolov3_AOD_none.py
2024-01-12 15:18:05,676 - mmdet - INFO - Epoch(val) [6][1467]	AP50: 0.6500, mAP: 0.6496
2024-01-12 15:18:36,581 - mmdet - INFO - Epoch [7][50/738]	lr: 1.000e-03, eta: 2:08:37, time: 0.618, data_time: 0.053, memory: 6907, loss_cls: 15.9972, loss_conf: 62.4052, loss_xy: 59.1982, loss_wh: 3.8372, loss: 141.4377, grad_norm: 735.4965
2024-01-12 15:19:04,934 - mmdet - INFO - Epoch [7][100/738]	lr: 1.000e-03, eta: 2:08:12, time: 0.567, data_time: 0.004, memory: 6907, loss_cls: 13.8591, loss_conf: 64.7193, loss_xy: 64.0196, loss_wh: 4.7064, loss: 147.3043, grad_norm: 743.7562
2024-01-12 15:19:33,460 - mmdet - INFO - Epoch [7][150/738]	lr: 1.000e-03, eta: 2:07:47, time: 0.571, data_time: 0.005, memory: 6907, loss_cls: 14.4653, loss_conf: 64.1841, loss_xy: 60.7406, loss_wh: 4.3272, loss: 143.7173, grad_norm: 802.0836
2024-01-12 15:20:00,670 - mmdet - INFO - Epoch [7][200/738]	lr: 1.000e-03, eta: 2:07:18, time: 0.544, data_time: 0.004, memory: 6907, loss_cls: 19.7007, loss_conf: 76.5772, loss_xy: 69.5347, loss_wh: 5.1252, loss: 170.9379, grad_norm: 910.6605
2024-01-12 15:20:28,377 - mmdet - INFO - Epoch [7][250/738]	lr: 1.000e-03, eta: 2:06:50, time: 0.554, data_time: 0.004, memory: 6907, loss_cls: 17.7549, loss_conf: 72.7857, loss_xy: 62.4871, loss_wh: 4.5956, loss: 157.6234, grad_norm: 863.8318
2024-01-12 15:20:57,357 - mmdet - INFO - Epoch [7][300/738]	lr: 1.000e-03, eta: 2:06:27, time: 0.580, data_time: 0.004, memory: 6907, loss_cls: 13.0566, loss_conf: 61.6441, loss_xy: 60.7326, loss_wh: 3.9656, loss: 139.3989, grad_norm: 733.2267
2024-01-12 15:21:25,555 - mmdet - INFO - Epoch [7][350/738]	lr: 1.000e-03, eta: 2:06:01, time: 0.564, data_time: 0.005, memory: 6907, loss_cls: 16.3237, loss_conf: 76.5460, loss_xy: 67.7244, loss_wh: 4.7413, loss: 165.3354, grad_norm: 908.0223
2024-01-12 15:21:53,638 - mmdet - INFO - Epoch [7][400/738]	lr: 1.000e-03, eta: 2:05:34, time: 0.562, data_time: 0.004, memory: 6907, loss_cls: 16.6627, loss_conf: 75.1996, loss_xy: 67.8483, loss_wh: 4.3743, loss: 164.0849, grad_norm: 898.2046
2024-01-12 15:22:22,203 - mmdet - INFO - Epoch [7][450/738]	lr: 1.000e-03, eta: 2:05:09, time: 0.571, data_time: 0.005, memory: 6907, loss_cls: 19.5185, loss_conf: 78.4637, loss_xy: 73.2604, loss_wh: 5.0568, loss: 176.2994, grad_norm: 952.1648
2024-01-12 15:22:49,602 - mmdet - INFO - Epoch [7][500/738]	lr: 1.000e-03, eta: 2:04:41, time: 0.548, data_time: 0.004, memory: 6907, loss_cls: 17.5657, loss_conf: 69.9360, loss_xy: 61.9456, loss_wh: 3.9850, loss: 153.4322, grad_norm: 1065.5107
2024-01-12 15:23:19,862 - mmdet - INFO - Epoch [7][550/738]	lr: 1.000e-03, eta: 2:04:20, time: 0.605, data_time: 0.005, memory: 6907, loss_cls: 13.5367, loss_conf: 62.2019, loss_xy: 57.9678, loss_wh: 4.1242, loss: 137.8306, grad_norm: 748.8263
2024-01-12 15:23:48,587 - mmdet - INFO - Epoch [7][600/738]	lr: 1.000e-03, eta: 2:03:55, time: 0.574, data_time: 0.005, memory: 6907, loss_cls: 14.2697, loss_conf: 66.9610, loss_xy: 64.5108, loss_wh: 3.7830, loss: 149.5244, grad_norm: 764.5949
2024-01-12 15:24:16,268 - mmdet - INFO - Epoch [7][650/738]	lr: 1.000e-03, eta: 2:03:27, time: 0.554, data_time: 0.004, memory: 6907, loss_cls: 19.5058, loss_conf: 87.0395, loss_xy: 75.6947, loss_wh: 4.8866, loss: 187.1266, grad_norm: 917.8137
2024-01-12 15:24:44,846 - mmdet - INFO - Epoch [7][700/738]	lr: 1.000e-03, eta: 2:03:02, time: 0.572, data_time: 0.005, memory: 6907, loss_cls: 17.6771, loss_conf: 71.2371, loss_xy: 64.4693, loss_wh: 3.9813, loss: 157.3648, grad_norm: 782.9485
2024-01-12 15:25:06,932 - mmdet - INFO - Saving checkpoint at 7 epochs
2024-01-12 15:25:52,822 - mmdet - INFO - 
+-----------+------+-------+--------+-------+
| class     | gts  | dets  | recall | ap    |
+-----------+------+-------+--------+-------+
| Bicycle   | 212  | 2485  | 0.844  | 0.597 |
| Boat      | 289  | 2924  | 0.903  | 0.653 |
| Bottle    | 282  | 4395  | 0.936  | 0.701 |
| Bus       | 135  | 1731  | 0.985  | 0.836 |
| Car       | 597  | 3702  | 0.935  | 0.803 |
| Cat       | 183  | 1959  | 0.874  | 0.543 |
| Chair     | 466  | 6090  | 0.880  | 0.632 |
| Cup       | 366  | 3852  | 0.885  | 0.659 |
| Dog       | 207  | 1796  | 0.913  | 0.699 |
| Motorbike | 233  | 1988  | 0.863  | 0.596 |
| People    | 1562 | 10793 | 0.930  | 0.753 |
| Table     | 333  | 4570  | 0.793  | 0.455 |
+-----------+------+-------+--------+-------+
| mAP       |      |       |        | 0.661 |
+-----------+------+-------+--------+-------+
2024-01-12 15:25:52,827 - mmdet - INFO - Exp name: yolov3_AOD_none.py
2024-01-12 15:25:52,827 - mmdet - INFO - Epoch(val) [7][1467]	AP50: 0.6610, mAP: 0.6606
2024-01-12 15:26:22,688 - mmdet - INFO - Epoch [8][50/738]	lr: 1.000e-03, eta: 2:01:25, time: 0.597, data_time: 0.051, memory: 6907, loss_cls: 14.8556, loss_conf: 69.7846, loss_xy: 63.3822, loss_wh: 4.1893, loss: 152.2117, grad_norm: 839.3758
2024-01-12 15:26:51,368 - mmdet - INFO - Epoch [8][100/738]	lr: 1.000e-03, eta: 2:01:01, time: 0.574, data_time: 0.004, memory: 6907, loss_cls: 15.7387, loss_conf: 57.7323, loss_xy: 58.3924, loss_wh: 4.3629, loss: 136.2263, grad_norm: 737.3882
2024-01-12 15:27:19,210 - mmdet - INFO - Epoch [8][150/738]	lr: 1.000e-03, eta: 2:00:34, time: 0.557, data_time: 0.005, memory: 6907, loss_cls: 14.7819, loss_conf: 73.6934, loss_xy: 65.0377, loss_wh: 4.4861, loss: 157.9991, grad_norm: 751.1154
2024-01-12 15:27:46,766 - mmdet - INFO - Epoch [8][200/738]	lr: 1.000e-03, eta: 2:00:06, time: 0.551, data_time: 0.004, memory: 6907, loss_cls: 18.0514, loss_conf: 71.7375, loss_xy: 66.6265, loss_wh: 4.1084, loss: 160.5239, grad_norm: 849.1353
2024-01-12 15:28:15,321 - mmdet - INFO - Epoch [8][250/738]	lr: 1.000e-03, eta: 1:59:41, time: 0.571, data_time: 0.005, memory: 6907, loss_cls: 16.1053, loss_conf: 70.8514, loss_xy: 65.3925, loss_wh: 4.5809, loss: 156.9301, grad_norm: 786.9587
2024-01-12 15:28:42,866 - mmdet - INFO - Epoch [8][300/738]	lr: 1.000e-03, eta: 1:59:14, time: 0.551, data_time: 0.004, memory: 6907, loss_cls: 13.9837, loss_conf: 69.6976, loss_xy: 65.0808, loss_wh: 4.3970, loss: 153.1592, grad_norm: 757.5997
2024-01-12 15:29:11,013 - mmdet - INFO - Epoch [8][350/738]	lr: 1.000e-03, eta: 1:58:47, time: 0.563, data_time: 0.004, memory: 6907, loss_cls: 19.6875, loss_conf: 73.8932, loss_xy: 69.5453, loss_wh: 5.2580, loss: 168.3841, grad_norm: 800.1523
2024-01-12 15:29:40,584 - mmdet - INFO - Epoch [8][400/738]	lr: 1.000e-03, eta: 1:58:25, time: 0.591, data_time: 0.005, memory: 6907, loss_cls: 12.7848, loss_conf: 64.7789, loss_xy: 62.5622, loss_wh: 4.1744, loss: 144.3003, grad_norm: 700.3359
2024-01-12 15:30:09,500 - mmdet - INFO - Epoch [8][450/738]	lr: 1.000e-03, eta: 1:58:00, time: 0.578, data_time: 0.005, memory: 6907, loss_cls: 16.9570, loss_conf: 81.4255, loss_xy: 72.1218, loss_wh: 5.9404, loss: 176.4448, grad_norm: 829.3192
2024-01-12 15:30:38,495 - mmdet - INFO - Epoch [8][500/738]	lr: 1.000e-03, eta: 1:57:36, time: 0.580, data_time: 0.005, memory: 6907, loss_cls: 13.5534, loss_conf: 75.8265, loss_xy: 68.5960, loss_wh: 4.3562, loss: 162.3321, grad_norm: 782.8727
2024-01-12 15:31:06,395 - mmdet - INFO - Epoch [8][550/738]	lr: 1.000e-03, eta: 1:57:09, time: 0.558, data_time: 0.004, memory: 6907, loss_cls: 15.2881, loss_conf: 69.2418, loss_xy: 64.3412, loss_wh: 3.8055, loss: 152.6767, grad_norm: 761.3909
2024-01-12 15:31:34,963 - mmdet - INFO - Epoch [8][600/738]	lr: 1.000e-03, eta: 1:56:43, time: 0.571, data_time: 0.005, memory: 6907, loss_cls: 13.3180, loss_conf: 72.1732, loss_xy: 65.7675, loss_wh: 3.9859, loss: 155.2446, grad_norm: 813.9411
2024-01-12 15:32:04,040 - mmdet - INFO - Epoch [8][650/738]	lr: 1.000e-03, eta: 1:56:19, time: 0.582, data_time: 0.005, memory: 6907, loss_cls: 18.4006, loss_conf: 69.4094, loss_xy: 61.2787, loss_wh: 4.1914, loss: 153.2801, grad_norm: 820.3337
2024-01-12 15:32:32,650 - mmdet - INFO - Epoch [8][700/738]	lr: 1.000e-03, eta: 1:55:53, time: 0.572, data_time: 0.004, memory: 6907, loss_cls: 14.3774, loss_conf: 64.6158, loss_xy: 62.6502, loss_wh: 3.3257, loss: 144.9691, grad_norm: 794.6928
2024-01-12 15:32:54,234 - mmdet - INFO - Saving checkpoint at 8 epochs
2024-01-12 15:33:44,747 - mmdet - INFO - 
+-----------+------+------+--------+-------+
| class     | gts  | dets | recall | ap    |
+-----------+------+------+--------+-------+
| Bicycle   | 212  | 1976 | 0.925  | 0.773 |
| Boat      | 289  | 3208 | 0.907  | 0.695 |
| Bottle    | 282  | 1981 | 0.865  | 0.701 |
| Bus       | 135  | 1037 | 0.956  | 0.880 |
| Car       | 597  | 6377 | 0.956  | 0.790 |
| Cat       | 183  | 1580 | 0.902  | 0.610 |
| Chair     | 466  | 3752 | 0.828  | 0.595 |
| Cup       | 366  | 2092 | 0.825  | 0.667 |
| Dog       | 207  | 2251 | 0.937  | 0.662 |
| Motorbike | 233  | 2292 | 0.867  | 0.625 |
| People    | 1562 | 9528 | 0.893  | 0.728 |
| Table     | 333  | 2570 | 0.748  | 0.483 |
+-----------+------+------+--------+-------+
| mAP       |      |      |        | 0.684 |
+-----------+------+------+--------+-------+
2024-01-12 15:33:44,752 - mmdet - INFO - Exp name: yolov3_AOD_none.py
2024-01-12 15:33:44,752 - mmdet - INFO - Epoch(val) [8][1467]	AP50: 0.6840, mAP: 0.6842
2024-01-12 15:34:15,564 - mmdet - INFO - Epoch [9][50/738]	lr: 1.000e-03, eta: 1:54:27, time: 0.616, data_time: 0.060, memory: 6907, loss_cls: 16.1619, loss_conf: 72.1592, loss_xy: 67.4960, loss_wh: 3.9741, loss: 159.7913, grad_norm: 784.5271
2024-01-12 15:34:44,793 - mmdet - INFO - Epoch [9][100/738]	lr: 1.000e-03, eta: 1:54:03, time: 0.585, data_time: 0.005, memory: 6907, loss_cls: 12.0364, loss_conf: 67.0529, loss_xy: 62.5503, loss_wh: 4.1999, loss: 145.8395, grad_norm: 768.1734
2024-01-12 15:35:12,574 - mmdet - INFO - Epoch [9][150/738]	lr: 1.000e-03, eta: 1:53:37, time: 0.556, data_time: 0.004, memory: 6907, loss_cls: 15.0684, loss_conf: 61.0501, loss_xy: 58.5970, loss_wh: 3.0300, loss: 137.7455, grad_norm: 785.1340
2024-01-12 15:35:40,687 - mmdet - INFO - Epoch [9][200/738]	lr: 1.000e-03, eta: 1:53:10, time: 0.562, data_time: 0.004, memory: 6907, loss_cls: 15.5055, loss_conf: 80.3395, loss_xy: 76.1942, loss_wh: 4.4540, loss: 176.4932, grad_norm: 850.2091
2024-01-12 15:36:08,677 - mmdet - INFO - Epoch [9][250/738]	lr: 1.000e-03, eta: 1:52:44, time: 0.560, data_time: 0.004, memory: 6907, loss_cls: 15.9980, loss_conf: 71.9085, loss_xy: 70.1623, loss_wh: 3.6043, loss: 161.6731, grad_norm: 805.4371
2024-01-12 15:36:36,740 - mmdet - INFO - Epoch [9][300/738]	lr: 1.000e-03, eta: 1:52:17, time: 0.561, data_time: 0.004, memory: 6907, loss_cls: 15.4049, loss_conf: 72.4758, loss_xy: 68.6689, loss_wh: 4.0167, loss: 160.5663, grad_norm: 856.6906
2024-01-12 15:37:06,706 - mmdet - INFO - Epoch [9][350/738]	lr: 1.000e-03, eta: 1:51:55, time: 0.599, data_time: 0.005, memory: 6907, loss_cls: 15.0573, loss_conf: 73.0800, loss_xy: 69.9225, loss_wh: 3.8973, loss: 161.9571, grad_norm: 805.3820
2024-01-12 15:37:36,213 - mmdet - INFO - Epoch [9][400/738]	lr: 1.000e-03, eta: 1:51:31, time: 0.590, data_time: 0.004, memory: 6907, loss_cls: 15.9928, loss_conf: 70.1165, loss_xy: 66.7272, loss_wh: 4.3639, loss: 157.2004, grad_norm: 773.7917
2024-01-12 15:38:05,061 - mmdet - INFO - Epoch [9][450/738]	lr: 1.000e-03, eta: 1:51:06, time: 0.577, data_time: 0.004, memory: 6907, loss_cls: 15.2661, loss_conf: 66.8924, loss_xy: 63.9950, loss_wh: 4.5891, loss: 150.7427, grad_norm: 737.4896
2024-01-12 15:38:34,366 - mmdet - INFO - Epoch [9][500/738]	lr: 1.000e-03, eta: 1:50:42, time: 0.586, data_time: 0.005, memory: 6907, loss_cls: 12.7892, loss_conf: 67.5297, loss_xy: 61.0523, loss_wh: 4.0518, loss: 145.4230, grad_norm: 771.7638
2024-01-12 15:39:02,924 - mmdet - INFO - Epoch [9][550/738]	lr: 1.000e-03, eta: 1:50:16, time: 0.571, data_time: 0.005, memory: 6907, loss_cls: 12.9151, loss_conf: 72.2319, loss_xy: 66.5705, loss_wh: 4.5634, loss: 156.2808, grad_norm: 815.0741
2024-01-12 15:39:31,063 - mmdet - INFO - Epoch [9][600/738]	lr: 1.000e-03, eta: 1:49:49, time: 0.563, data_time: 0.005, memory: 6907, loss_cls: 12.9057, loss_conf: 60.9553, loss_xy: 57.2635, loss_wh: 3.7298, loss: 134.8544, grad_norm: 728.0438
2024-01-12 15:39:59,400 - mmdet - INFO - Epoch [9][650/738]	lr: 1.000e-03, eta: 1:49:23, time: 0.567, data_time: 0.005, memory: 6907, loss_cls: 14.2402, loss_conf: 58.0574, loss_xy: 57.2695, loss_wh: 3.6798, loss: 133.2470, grad_norm: 723.9845
2024-01-12 15:40:27,330 - mmdet - INFO - Epoch [9][700/738]	lr: 1.000e-03, eta: 1:48:56, time: 0.559, data_time: 0.004, memory: 6907, loss_cls: 14.3428, loss_conf: 65.2692, loss_xy: 62.2803, loss_wh: 3.9182, loss: 145.8104, grad_norm: 821.4720
2024-01-12 15:40:48,271 - mmdet - INFO - Saving checkpoint at 9 epochs
2024-01-12 15:41:37,137 - mmdet - INFO - 
+-----------+------+------+--------+-------+
| class     | gts  | dets | recall | ap    |
+-----------+------+------+--------+-------+
| Bicycle   | 212  | 1984 | 0.939  | 0.743 |
| Boat      | 289  | 1642 | 0.855  | 0.629 |
| Bottle    | 282  | 4428 | 0.887  | 0.650 |
| Bus       | 135  | 765  | 0.963  | 0.858 |
| Car       | 597  | 3661 | 0.918  | 0.800 |
| Cat       | 183  | 1326 | 0.880  | 0.549 |
| Chair     | 466  | 7197 | 0.901  | 0.621 |
| Cup       | 366  | 4471 | 0.913  | 0.719 |
| Dog       | 207  | 1511 | 0.932  | 0.679 |
| Motorbike | 233  | 1877 | 0.884  | 0.616 |
| People    | 1562 | 8377 | 0.899  | 0.760 |
| Table     | 333  | 5863 | 0.841  | 0.472 |
+-----------+------+------+--------+-------+
| mAP       |      |      |        | 0.675 |
+-----------+------+------+--------+-------+
2024-01-12 15:41:37,152 - mmdet - INFO - Exp name: yolov3_AOD_none.py
2024-01-12 15:41:37,153 - mmdet - INFO - Epoch(val) [9][1467]	AP50: 0.6750, mAP: 0.6745
2024-01-12 15:42:08,177 - mmdet - INFO - Epoch [10][50/738]	lr: 1.000e-03, eta: 1:47:37, time: 0.620, data_time: 0.053, memory: 6907, loss_cls: 11.3107, loss_conf: 59.3900, loss_xy: 59.5341, loss_wh: 3.6339, loss: 133.8686, grad_norm: 698.2846
2024-01-12 15:42:38,702 - mmdet - INFO - Epoch [10][100/738]	lr: 1.000e-03, eta: 1:47:15, time: 0.610, data_time: 0.005, memory: 6907, loss_cls: 15.9716, loss_conf: 65.4780, loss_xy: 66.4822, loss_wh: 3.8203, loss: 151.7520, grad_norm: 708.5092
2024-01-12 15:43:08,543 - mmdet - INFO - Epoch [10][150/738]	lr: 1.000e-03, eta: 1:46:51, time: 0.597, data_time: 0.005, memory: 6907, loss_cls: 15.4044, loss_conf: 69.5617, loss_xy: 68.1350, loss_wh: 3.6716, loss: 156.7727, grad_norm: 806.9389
2024-01-12 15:43:37,079 - mmdet - INFO - Epoch [10][200/738]	lr: 1.000e-03, eta: 1:46:25, time: 0.571, data_time: 0.004, memory: 6907, loss_cls: 13.4836, loss_conf: 62.5157, loss_xy: 65.4049, loss_wh: 3.5087, loss: 144.9129, grad_norm: 776.0360
2024-01-12 15:44:07,483 - mmdet - INFO - Epoch [10][250/738]	lr: 1.000e-03, eta: 1:46:03, time: 0.608, data_time: 0.005, memory: 6907, loss_cls: 15.1133, loss_conf: 62.4333, loss_xy: 62.6632, loss_wh: 3.2601, loss: 143.4700, grad_norm: 783.8885
2024-01-12 15:44:36,005 - mmdet - INFO - Epoch [10][300/738]	lr: 1.000e-03, eta: 1:45:37, time: 0.570, data_time: 0.004, memory: 6907, loss_cls: 15.8722, loss_conf: 72.0442, loss_xy: 66.6786, loss_wh: 3.8625, loss: 158.4575, grad_norm: 834.0872
2024-01-12 15:45:06,207 - mmdet - INFO - Epoch [10][350/738]	lr: 1.000e-03, eta: 1:45:14, time: 0.604, data_time: 0.005, memory: 6907, loss_cls: 15.1515, loss_conf: 63.2764, loss_xy: 62.8003, loss_wh: 3.4915, loss: 144.7197, grad_norm: 804.8709
2024-01-12 15:45:36,851 - mmdet - INFO - Epoch [10][400/738]	lr: 1.000e-03, eta: 1:44:51, time: 0.613, data_time: 0.005, memory: 6907, loss_cls: 13.0373, loss_conf: 72.9331, loss_xy: 72.5355, loss_wh: 4.2023, loss: 162.7082, grad_norm: 731.7357
2024-01-12 15:46:06,174 - mmdet - INFO - Epoch [10][450/738]	lr: 1.000e-03, eta: 1:44:26, time: 0.586, data_time: 0.005, memory: 6907, loss_cls: 14.3759, loss_conf: 70.3409, loss_xy: 67.4912, loss_wh: 4.4576, loss: 156.6657, grad_norm: 800.6787
2024-01-12 15:46:34,949 - mmdet - INFO - Epoch [10][500/738]	lr: 1.000e-03, eta: 1:44:01, time: 0.575, data_time: 0.005, memory: 6907, loss_cls: 12.5286, loss_conf: 69.8466, loss_xy: 64.5141, loss_wh: 3.7442, loss: 150.6335, grad_norm: 756.4162
2024-01-12 15:47:03,735 - mmdet - INFO - Epoch [10][550/738]	lr: 1.000e-03, eta: 1:43:35, time: 0.576, data_time: 0.005, memory: 6907, loss_cls: 17.9033, loss_conf: 67.4214, loss_xy: 63.7212, loss_wh: 3.4215, loss: 152.4674, grad_norm: 793.8750
2024-01-12 15:47:33,290 - mmdet - INFO - Epoch [10][600/738]	lr: 1.000e-03, eta: 1:43:10, time: 0.591, data_time: 0.005, memory: 6907, loss_cls: 12.2850, loss_conf: 61.1537, loss_xy: 62.6221, loss_wh: 3.8370, loss: 139.8977, grad_norm: 677.8118
2024-01-12 15:48:01,826 - mmdet - INFO - Epoch [10][650/738]	lr: 1.000e-03, eta: 1:42:44, time: 0.571, data_time: 0.004, memory: 6907, loss_cls: 12.3844, loss_conf: 58.7476, loss_xy: 61.8573, loss_wh: 3.7407, loss: 136.7300, grad_norm: 658.4702
2024-01-12 15:48:31,499 - mmdet - INFO - Epoch [10][700/738]	lr: 1.000e-03, eta: 1:42:20, time: 0.593, data_time: 0.005, memory: 6907, loss_cls: 12.6136, loss_conf: 59.7212, loss_xy: 56.3273, loss_wh: 3.2269, loss: 131.8889, grad_norm: 731.1555
2024-01-12 15:48:53,333 - mmdet - INFO - Saving checkpoint at 10 epochs
2024-01-12 15:49:42,290 - mmdet - INFO - 
+-----------+------+------+--------+-------+
| class     | gts  | dets | recall | ap    |
+-----------+------+------+--------+-------+
| Bicycle   | 212  | 1456 | 0.892  | 0.759 |
| Boat      | 289  | 2059 | 0.903  | 0.666 |
| Bottle    | 282  | 3917 | 0.911  | 0.675 |
| Bus       | 135  | 387  | 0.911  | 0.832 |
| Car       | 597  | 3441 | 0.913  | 0.754 |
| Cat       | 183  | 1320 | 0.885  | 0.569 |
| Chair     | 466  | 6767 | 0.850  | 0.520 |
| Cup       | 366  | 3704 | 0.891  | 0.706 |
| Dog       | 207  | 1373 | 0.932  | 0.695 |
| Motorbike | 233  | 1371 | 0.833  | 0.659 |
| People    | 1562 | 8178 | 0.899  | 0.756 |
| Table     | 333  | 4894 | 0.814  | 0.481 |
+-----------+------+------+--------+-------+
| mAP       |      |      |        | 0.672 |
+-----------+------+------+--------+-------+
2024-01-12 15:49:42,294 - mmdet - INFO - Exp name: yolov3_AOD_none.py
2024-01-12 15:49:42,295 - mmdet - INFO - Epoch(val) [10][1467]	AP50: 0.6720, mAP: 0.6725
2024-01-12 15:50:13,205 - mmdet - INFO - Epoch [11][50/738]	lr: 1.000e-03, eta: 1:41:05, time: 0.618, data_time: 0.050, memory: 6907, loss_cls: 11.5609, loss_conf: 57.5676, loss_xy: 57.1902, loss_wh: 2.9491, loss: 129.2677, grad_norm: 739.1468
2024-01-12 15:50:41,412 - mmdet - INFO - Epoch [11][100/738]	lr: 1.000e-03, eta: 1:40:38, time: 0.564, data_time: 0.005, memory: 6907, loss_cls: 12.5769, loss_conf: 68.7091, loss_xy: 69.1809, loss_wh: 3.6671, loss: 154.1340, grad_norm: 727.7586
2024-01-12 15:51:10,316 - mmdet - INFO - Epoch [11][150/738]	lr: 1.000e-03, eta: 1:40:13, time: 0.578, data_time: 0.005, memory: 6907, loss_cls: 13.2476, loss_conf: 65.7850, loss_xy: 63.7709, loss_wh: 3.5439, loss: 146.3474, grad_norm: 722.6039
